{
 "job-activity-graph": {
  "activities": [{
   "id": "ANID:ODID:0:0",
   "java-class": "edu.uci.ics.hyracks.storage.am.common.dataflow.TreeIndexDropOperatorDescriptor",
   "operator-id": "ODID:0"
  }],
  "flags": "[]"
 },
 "job-run": {
  "activity-clusters": [{
   "activities": ["ANID:ODID:0:0"],
   "activity-cluster-id": "AC:0",
   "dependencies": [],
   "dependents": [],
   "plan": {
    "activities": [{
     "activity-id": "ANID:ODID:0:0",
     "input-partition-counts": [],
     "output-partition-counts": [],
     "partition-count": 3,
     "tasks": [
      {
       "dependencies": [],
       "dependents": [],
       "task-id": "TID:ANID:ODID:0:0:0"
      },
      {
       "dependencies": [],
       "dependents": [],
       "task-id": "TID:ANID:ODID:0:0:1"
      },
      {
       "dependencies": [],
       "dependents": [],
       "task-id": "TID:ANID:ODID:0:0:2"
      }
     ]
    }],
    "task-clusters": [
     {
      "attempts": [{
       "attempt": 0,
       "end-time": 1336779150262,
       "start-time": 1336779150218,
       "status": "COMPLETED",
       "task-attempts": [{
        "end-time": 1336779150262,
        "node-id": "nc1",
        "start-time": 1336779150218,
        "status": "COMPLETED",
        "task-attempt-id": "TAID:TID:ANID:ODID:0:0:0:0",
        "task-id": "TID:ANID:ODID:0:0:0"
       }]
      }],
      "produced-partitions": [],
      "required-partitions": [],
      "task-cluster-id": "TC:AC:0:0",
      "tasks": ["TID:ANID:ODID:0:0:0"]
     },
     {
      "attempts": [{
       "attempt": 0,
       "end-time": 1336779150262,
       "start-time": 1336779150218,
       "status": "COMPLETED",
       "task-attempts": [{
        "end-time": 1336779150262,
        "node-id": "nc2",
        "start-time": 1336779150217,
        "status": "COMPLETED",
        "task-attempt-id": "TAID:TID:ANID:ODID:0:0:1:0",
        "task-id": "TID:ANID:ODID:0:0:1"
       }]
      }],
      "produced-partitions": [],
      "required-partitions": [],
      "task-cluster-id": "TC:AC:0:1",
      "tasks": ["TID:ANID:ODID:0:0:1"]
     },
     {
      "attempts": [{
       "attempt": 0,
       "end-time": 1336779150262,
       "start-time": 1336779150218,
       "status": "COMPLETED",
       "task-attempts": [{
        "end-time": 1336779150262,
        "node-id": "nc2",
        "start-time": 1336779150218,
        "status": "COMPLETED",
        "task-attempt-id": "TAID:TID:ANID:ODID:0:0:2:0",
        "task-id": "TID:ANID:ODID:0:0:2"
       }]
      }],
      "produced-partitions": [],
      "required-partitions": [],
      "task-cluster-id": "TC:AC:0:2",
      "tasks": ["TID:ANID:ODID:0:0:2"]
     }
    ]
   }
  }],
  "application-name": "asterix",
  "create-time": 0,
  "end-time": 0,
  "job-id": "JID:0",
  "profile": {
   "counters": [],
   "job-id": "JID:0",
   "joblets": [
    {
     "counters": [],
     "node-id": "nc1",
     "tasks": [{
      "activity-id": "ANID:ODID:0:0",
      "attempt": 0,
      "counters": [],
      "partition": 0,
      "partition-send-profile": []
     }]
    },
    {
     "counters": [],
     "node-id": "nc2",
     "tasks": [
      {
       "activity-id": "ANID:ODID:0:0",
       "attempt": 0,
       "counters": [],
       "partition": 1,
       "partition-send-profile": []
      },
      {
       "activity-id": "ANID:ODID:0:0",
       "attempt": 0,
       "counters": [],
       "partition": 2,
       "partition-send-profile": []
      }
     ]
    }
   ]
  },
  "start-time": 0,
  "status": "TERMINATED"
 },
 "job-specification": {
  "connectors": [],
  "operators": [{
   "display-name": "edu.uci.ics.hyracks.storage.am.common.dataflow.TreeIndexDropOperatorDescriptor[ODID:0]",
   "id": "ODID:0",
   "in-arity": 0,
   "java-class": "edu.uci.ics.hyracks.storage.am.common.dataflow.TreeIndexDropOperatorDescriptor",
   "out-arity": 0
  }]
 }
}
{
 "job-activity-graph": {
  "activities": [{
   "id": "ANID:ODID:0:0",
   "java-class": "edu.uci.ics.hyracks.storage.am.common.dataflow.TreeIndexDropOperatorDescriptor",
   "operator-id": "ODID:0"
  }],
  "flags": "[]"
 },
 "job-run": {
  "activity-clusters": [{
   "activities": ["ANID:ODID:0:0"],
   "activity-cluster-id": "AC:0",
   "dependencies": [],
   "dependents": [],
   "plan": {
    "activities": [{
     "activity-id": "ANID:ODID:0:0",
     "input-partition-counts": [],
     "output-partition-counts": [],
     "partition-count": 3,
     "tasks": [
      {
       "dependencies": [],
       "dependents": [],
       "task-id": "TID:ANID:ODID:0:0:0"
      },
      {
       "dependencies": [],
       "dependents": [],
       "task-id": "TID:ANID:ODID:0:0:1"
      },
      {
       "dependencies": [],
       "dependents": [],
       "task-id": "TID:ANID:ODID:0:0:2"
      }
     ]
    }],
    "task-clusters": [
     {
      "attempts": [{
       "attempt": 0,
       "end-time": 1336779150304,
       "start-time": 1336779150294,
       "status": "COMPLETED",
       "task-attempts": [{
        "end-time": 1336779150304,
        "node-id": "nc1",
        "start-time": 1336779150294,
        "status": "COMPLETED",
        "task-attempt-id": "TAID:TID:ANID:ODID:0:0:0:0",
        "task-id": "TID:ANID:ODID:0:0:0"
       }]
      }],
      "produced-partitions": [],
      "required-partitions": [],
      "task-cluster-id": "TC:AC:0:0",
      "tasks": ["TID:ANID:ODID:0:0:0"]
     },
     {
      "attempts": [{
       "attempt": 0,
       "end-time": 1336779150343,
       "start-time": 1336779150294,
       "status": "COMPLETED",
       "task-attempts": [{
        "end-time": 1336779150343,
        "node-id": "nc2",
        "start-time": 1336779150294,
        "status": "COMPLETED",
        "task-attempt-id": "TAID:TID:ANID:ODID:0:0:1:0",
        "task-id": "TID:ANID:ODID:0:0:1"
       }]
      }],
      "produced-partitions": [],
      "required-partitions": [],
      "task-cluster-id": "TC:AC:0:1",
      "tasks": ["TID:ANID:ODID:0:0:1"]
     },
     {
      "attempts": [{
       "attempt": 0,
       "end-time": 1336779150305,
       "start-time": 1336779150294,
       "status": "COMPLETED",
       "task-attempts": [{
        "end-time": 1336779150305,
        "node-id": "nc2",
        "start-time": 1336779150294,
        "status": "COMPLETED",
        "task-attempt-id": "TAID:TID:ANID:ODID:0:0:2:0",
        "task-id": "TID:ANID:ODID:0:0:2"
       }]
      }],
      "produced-partitions": [],
      "required-partitions": [],
      "task-cluster-id": "TC:AC:0:2",
      "tasks": ["TID:ANID:ODID:0:0:2"]
     }
    ]
   }
  }],
  "application-name": "asterix",
  "create-time": 0,
  "end-time": 0,
  "job-id": "JID:1",
  "profile": {
   "counters": [],
   "job-id": "JID:1",
   "joblets": [
    {
     "counters": [],
     "node-id": "nc1",
     "tasks": [{
      "activity-id": "ANID:ODID:0:0",
      "attempt": 0,
      "counters": [],
      "partition": 0,
      "partition-send-profile": []
     }]
    },
    {
     "counters": [],
     "node-id": "nc2",
     "tasks": [
      {
       "activity-id": "ANID:ODID:0:0",
       "attempt": 0,
       "counters": [],
       "partition": 1,
       "partition-send-profile": []
      },
      {
       "activity-id": "ANID:ODID:0:0",
       "attempt": 0,
       "counters": [],
       "partition": 2,
       "partition-send-profile": []
      }
     ]
    }
   ]
  },
  "start-time": 0,
  "status": "TERMINATED"
 },
 "job-specification": {
  "connectors": [],
  "operators": [{
   "display-name": "edu.uci.ics.hyracks.storage.am.common.dataflow.TreeIndexDropOperatorDescriptor[ODID:0]",
   "id": "ODID:0",
   "in-arity": 0,
   "java-class": "edu.uci.ics.hyracks.storage.am.common.dataflow.TreeIndexDropOperatorDescriptor",
   "out-arity": 0
  }]
 }
}
{
 "job-activity-graph": {
  "activities": [{
   "id": "ANID:ODID:0:0",
   "java-class": "edu.uci.ics.hyracks.storage.am.common.dataflow.TreeIndexDropOperatorDescriptor",
   "operator-id": "ODID:0"
  }],
  "flags": "[]"
 },
 "job-run": {
  "activity-clusters": [{
   "activities": ["ANID:ODID:0:0"],
   "activity-cluster-id": "AC:0",
   "dependencies": [],
   "dependents": [],
   "plan": {
    "activities": [{
     "activity-id": "ANID:ODID:0:0",
     "input-partition-counts": [],
     "output-partition-counts": [],
     "partition-count": 3,
     "tasks": [
      {
       "dependencies": [],
       "dependents": [],
       "task-id": "TID:ANID:ODID:0:0:0"
      },
      {
       "dependencies": [],
       "dependents": [],
       "task-id": "TID:ANID:ODID:0:0:1"
      },
      {
       "dependencies": [],
       "dependents": [],
       "task-id": "TID:ANID:ODID:0:0:2"
      }
     ]
    }],
    "task-clusters": [
     {
      "attempts": [{
       "attempt": 0,
       "end-time": 1336779150369,
       "start-time": 1336779150357,
       "status": "COMPLETED",
       "task-attempts": [{
        "end-time": 1336779150369,
        "node-id": "nc1",
        "start-time": 1336779150357,
        "status": "COMPLETED",
        "task-attempt-id": "TAID:TID:ANID:ODID:0:0:0:0",
        "task-id": "TID:ANID:ODID:0:0:0"
       }]
      }],
      "produced-partitions": [],
      "required-partitions": [],
      "task-cluster-id": "TC:AC:0:0",
      "tasks": ["TID:ANID:ODID:0:0:0"]
     },
     {
      "attempts": [{
       "attempt": 0,
       "end-time": 1336779150371,
       "start-time": 1336779150357,
       "status": "COMPLETED",
       "task-attempts": [{
        "end-time": 1336779150371,
        "node-id": "nc2",
        "start-time": 1336779150357,
        "status": "COMPLETED",
        "task-attempt-id": "TAID:TID:ANID:ODID:0:0:1:0",
        "task-id": "TID:ANID:ODID:0:0:1"
       }]
      }],
      "produced-partitions": [],
      "required-partitions": [],
      "task-cluster-id": "TC:AC:0:1",
      "tasks": ["TID:ANID:ODID:0:0:1"]
     },
     {
      "attempts": [{
       "attempt": 0,
       "end-time": 1336779150371,
       "start-time": 1336779150357,
       "status": "COMPLETED",
       "task-attempts": [{
        "end-time": 1336779150371,
        "node-id": "nc2",
        "start-time": 1336779150357,
        "status": "COMPLETED",
        "task-attempt-id": "TAID:TID:ANID:ODID:0:0:2:0",
        "task-id": "TID:ANID:ODID:0:0:2"
       }]
      }],
      "produced-partitions": [],
      "required-partitions": [],
      "task-cluster-id": "TC:AC:0:2",
      "tasks": ["TID:ANID:ODID:0:0:2"]
     }
    ]
   }
  }],
  "application-name": "asterix",
  "create-time": 0,
  "end-time": 0,
  "job-id": "JID:2",
  "profile": {
   "counters": [],
   "job-id": "JID:2",
   "joblets": [
    {
     "counters": [],
     "node-id": "nc1",
     "tasks": [{
      "activity-id": "ANID:ODID:0:0",
      "attempt": 0,
      "counters": [],
      "partition": 0,
      "partition-send-profile": []
     }]
    },
    {
     "counters": [],
     "node-id": "nc2",
     "tasks": [
      {
       "activity-id": "ANID:ODID:0:0",
       "attempt": 0,
       "counters": [],
       "partition": 1,
       "partition-send-profile": []
      },
      {
       "activity-id": "ANID:ODID:0:0",
       "attempt": 0,
       "counters": [],
       "partition": 2,
       "partition-send-profile": []
      }
     ]
    }
   ]
  },
  "start-time": 0,
  "status": "TERMINATED"
 },
 "job-specification": {
  "connectors": [],
  "operators": [{
   "display-name": "edu.uci.ics.hyracks.storage.am.common.dataflow.TreeIndexDropOperatorDescriptor[ODID:0]",
   "id": "ODID:0",
   "in-arity": 0,
   "java-class": "edu.uci.ics.hyracks.storage.am.common.dataflow.TreeIndexDropOperatorDescriptor",
   "out-arity": 0
  }]
 }
}
{
 "job-activity-graph": {
  "activities": [{
   "id": "ANID:ODID:0:0",
   "java-class": "edu.uci.ics.hyracks.storage.am.common.dataflow.TreeIndexDropOperatorDescriptor",
   "operator-id": "ODID:0"
  }],
  "flags": "[]"
 },
 "job-run": {
  "activity-clusters": [{
   "activities": ["ANID:ODID:0:0"],
   "activity-cluster-id": "AC:0",
   "dependencies": [],
   "dependents": [],
   "plan": {
    "activities": [{
     "activity-id": "ANID:ODID:0:0",
     "input-partition-counts": [],
     "output-partition-counts": [],
     "partition-count": 3,
     "tasks": [
      {
       "dependencies": [],
       "dependents": [],
       "task-id": "TID:ANID:ODID:0:0:0"
      },
      {
       "dependencies": [],
       "dependents": [],
       "task-id": "TID:ANID:ODID:0:0:1"
      },
      {
       "dependencies": [],
       "dependents": [],
       "task-id": "TID:ANID:ODID:0:0:2"
      }
     ]
    }],
    "task-clusters": [
     {
      "attempts": [{
       "attempt": 0,
       "end-time": 1336779150559,
       "start-time": 1336779150540,
       "status": "COMPLETED",
       "task-attempts": [{
        "end-time": 1336779150559,
        "node-id": "nc1",
        "start-time": 1336779150540,
        "status": "COMPLETED",
        "task-attempt-id": "TAID:TID:ANID:ODID:0:0:0:0",
        "task-id": "TID:ANID:ODID:0:0:0"
       }]
      }],
      "produced-partitions": [],
      "required-partitions": [],
      "task-cluster-id": "TC:AC:0:0",
      "tasks": ["TID:ANID:ODID:0:0:0"]
     },
     {
      "attempts": [{
       "attempt": 0,
       "end-time": 1336779150561,
       "start-time": 1336779150540,
       "status": "COMPLETED",
       "task-attempts": [{
        "end-time": 1336779150561,
        "node-id": "nc2",
        "start-time": 1336779150540,
        "status": "COMPLETED",
        "task-attempt-id": "TAID:TID:ANID:ODID:0:0:1:0",
        "task-id": "TID:ANID:ODID:0:0:1"
       }]
      }],
      "produced-partitions": [],
      "required-partitions": [],
      "task-cluster-id": "TC:AC:0:1",
      "tasks": ["TID:ANID:ODID:0:0:1"]
     },
     {
      "attempts": [{
       "attempt": 0,
       "end-time": 1336779150561,
       "start-time": 1336779150540,
       "status": "COMPLETED",
       "task-attempts": [{
        "end-time": 1336779150561,
        "node-id": "nc2",
        "start-time": 1336779150540,
        "status": "COMPLETED",
        "task-attempt-id": "TAID:TID:ANID:ODID:0:0:2:0",
        "task-id": "TID:ANID:ODID:0:0:2"
       }]
      }],
      "produced-partitions": [],
      "required-partitions": [],
      "task-cluster-id": "TC:AC:0:2",
      "tasks": ["TID:ANID:ODID:0:0:2"]
     }
    ]
   }
  }],
  "application-name": "asterix",
  "create-time": 0,
  "end-time": 0,
  "job-id": "JID:3",
  "profile": {
   "counters": [],
   "job-id": "JID:3",
   "joblets": [
    {
     "counters": [],
     "node-id": "nc1",
     "tasks": [{
      "activity-id": "ANID:ODID:0:0",
      "attempt": 0,
      "counters": [],
      "partition": 0,
      "partition-send-profile": []
     }]
    },
    {
     "counters": [],
     "node-id": "nc2",
     "tasks": [
      {
       "activity-id": "ANID:ODID:0:0",
       "attempt": 0,
       "counters": [],
       "partition": 1,
       "partition-send-profile": []
      },
      {
       "activity-id": "ANID:ODID:0:0",
       "attempt": 0,
       "counters": [],
       "partition": 2,
       "partition-send-profile": []
      }
     ]
    }
   ]
  },
  "start-time": 0,
  "status": "TERMINATED"
 },
 "job-specification": {
  "connectors": [],
  "operators": [{
   "display-name": "edu.uci.ics.hyracks.storage.am.common.dataflow.TreeIndexDropOperatorDescriptor[ODID:0]",
   "id": "ODID:0",
   "in-arity": 0,
   "java-class": "edu.uci.ics.hyracks.storage.am.common.dataflow.TreeIndexDropOperatorDescriptor",
   "out-arity": 0
  }]
 }
}
{
 "job-activity-graph": {
  "activities": [{
   "id": "ANID:ODID:0:0",
   "java-class": "edu.uci.ics.hyracks.storage.am.common.dataflow.TreeIndexDropOperatorDescriptor",
   "operator-id": "ODID:0"
  }],
  "flags": "[]"
 },
 "job-run": {
  "activity-clusters": [{
   "activities": ["ANID:ODID:0:0"],
   "activity-cluster-id": "AC:0",
   "dependencies": [],
   "dependents": [],
   "plan": {
    "activities": [{
     "activity-id": "ANID:ODID:0:0",
     "input-partition-counts": [],
     "output-partition-counts": [],
     "partition-count": 3,
     "tasks": [
      {
       "dependencies": [],
       "dependents": [],
       "task-id": "TID:ANID:ODID:0:0:0"
      },
      {
       "dependencies": [],
       "dependents": [],
       "task-id": "TID:ANID:ODID:0:0:1"
      },
      {
       "dependencies": [],
       "dependents": [],
       "task-id": "TID:ANID:ODID:0:0:2"
      }
     ]
    }],
    "task-clusters": [
     {
      "attempts": [{
       "attempt": 0,
       "end-time": 1336779150608,
       "start-time": 1336779150592,
       "status": "COMPLETED",
       "task-attempts": [{
        "end-time": 1336779150608,
        "node-id": "nc1",
        "start-time": 1336779150592,
        "status": "COMPLETED",
        "task-attempt-id": "TAID:TID:ANID:ODID:0:0:0:0",
        "task-id": "TID:ANID:ODID:0:0:0"
       }]
      }],
      "produced-partitions": [],
      "required-partitions": [],
      "task-cluster-id": "TC:AC:0:0",
      "tasks": ["TID:ANID:ODID:0:0:0"]
     },
     {
      "attempts": [{
       "attempt": 0,
       "end-time": 1336779150608,
       "start-time": 1336779150592,
       "status": "COMPLETED",
       "task-attempts": [{
        "end-time": 1336779150608,
        "node-id": "nc2",
        "start-time": 1336779150592,
        "status": "COMPLETED",
        "task-attempt-id": "TAID:TID:ANID:ODID:0:0:1:0",
        "task-id": "TID:ANID:ODID:0:0:1"
       }]
      }],
      "produced-partitions": [],
      "required-partitions": [],
      "task-cluster-id": "TC:AC:0:1",
      "tasks": ["TID:ANID:ODID:0:0:1"]
     },
     {
      "attempts": [{
       "attempt": 0,
       "end-time": 1336779150608,
       "start-time": 1336779150592,
       "status": "COMPLETED",
       "task-attempts": [{
        "end-time": 1336779150608,
        "node-id": "nc2",
        "start-time": 1336779150592,
        "status": "COMPLETED",
        "task-attempt-id": "TAID:TID:ANID:ODID:0:0:2:0",
        "task-id": "TID:ANID:ODID:0:0:2"
       }]
      }],
      "produced-partitions": [],
      "required-partitions": [],
      "task-cluster-id": "TC:AC:0:2",
      "tasks": ["TID:ANID:ODID:0:0:2"]
     }
    ]
   }
  }],
  "application-name": "asterix",
  "create-time": 0,
  "end-time": 0,
  "job-id": "JID:4",
  "profile": {
   "counters": [],
   "job-id": "JID:4",
   "joblets": [
    {
     "counters": [],
     "node-id": "nc1",
     "tasks": [{
      "activity-id": "ANID:ODID:0:0",
      "attempt": 0,
      "counters": [],
      "partition": 0,
      "partition-send-profile": []
     }]
    },
    {
     "counters": [],
     "node-id": "nc2",
     "tasks": [
      {
       "activity-id": "ANID:ODID:0:0",
       "attempt": 0,
       "counters": [],
       "partition": 1,
       "partition-send-profile": []
      },
      {
       "activity-id": "ANID:ODID:0:0",
       "attempt": 0,
       "counters": [],
       "partition": 2,
       "partition-send-profile": []
      }
     ]
    }
   ]
  },
  "start-time": 0,
  "status": "TERMINATED"
 },
 "job-specification": {
  "connectors": [],
  "operators": [{
   "display-name": "edu.uci.ics.hyracks.storage.am.common.dataflow.TreeIndexDropOperatorDescriptor[ODID:0]",
   "id": "ODID:0",
   "in-arity": 0,
   "java-class": "edu.uci.ics.hyracks.storage.am.common.dataflow.TreeIndexDropOperatorDescriptor",
   "out-arity": 0
  }]
 }
}
{
 "job-activity-graph": {
  "activities": [{
   "id": "ANID:ODID:0:0",
   "java-class": "edu.uci.ics.hyracks.storage.am.common.dataflow.TreeIndexDropOperatorDescriptor",
   "operator-id": "ODID:0"
  }],
  "flags": "[]"
 },
 "job-run": {
  "activity-clusters": [{
   "activities": ["ANID:ODID:0:0"],
   "activity-cluster-id": "AC:0",
   "dependencies": [],
   "dependents": [],
   "plan": {
    "activities": [{
     "activity-id": "ANID:ODID:0:0",
     "input-partition-counts": [],
     "output-partition-counts": [],
     "partition-count": 3,
     "tasks": [
      {
       "dependencies": [],
       "dependents": [],
       "task-id": "TID:ANID:ODID:0:0:0"
      },
      {
       "dependencies": [],
       "dependents": [],
       "task-id": "TID:ANID:ODID:0:0:1"
      },
      {
       "dependencies": [],
       "dependents": [],
       "task-id": "TID:ANID:ODID:0:0:2"
      }
     ]
    }],
    "task-clusters": [
     {
      "attempts": [{
       "attempt": 0,
       "end-time": 1336779151110,
       "start-time": 1336779151088,
       "status": "COMPLETED",
       "task-attempts": [{
        "end-time": 1336779151110,
        "node-id": "nc1",
        "start-time": 1336779151088,
        "status": "COMPLETED",
        "task-attempt-id": "TAID:TID:ANID:ODID:0:0:0:0",
        "task-id": "TID:ANID:ODID:0:0:0"
       }]
      }],
      "produced-partitions": [],
      "required-partitions": [],
      "task-cluster-id": "TC:AC:0:0",
      "tasks": ["TID:ANID:ODID:0:0:0"]
     },
     {
      "attempts": [{
       "attempt": 0,
       "end-time": 1336779151110,
       "start-time": 1336779151088,
       "status": "COMPLETED",
       "task-attempts": [{
        "end-time": 1336779151110,
        "node-id": "nc2",
        "start-time": 1336779151088,
        "status": "COMPLETED",
        "task-attempt-id": "TAID:TID:ANID:ODID:0:0:1:0",
        "task-id": "TID:ANID:ODID:0:0:1"
       }]
      }],
      "produced-partitions": [],
      "required-partitions": [],
      "task-cluster-id": "TC:AC:0:1",
      "tasks": ["TID:ANID:ODID:0:0:1"]
     },
     {
      "attempts": [{
       "attempt": 0,
       "end-time": 1336779151110,
       "start-time": 1336779151088,
       "status": "COMPLETED",
       "task-attempts": [{
        "end-time": 1336779151110,
        "node-id": "nc2",
        "start-time": 1336779151088,
        "status": "COMPLETED",
        "task-attempt-id": "TAID:TID:ANID:ODID:0:0:2:0",
        "task-id": "TID:ANID:ODID:0:0:2"
       }]
      }],
      "produced-partitions": [],
      "required-partitions": [],
      "task-cluster-id": "TC:AC:0:2",
      "tasks": ["TID:ANID:ODID:0:0:2"]
     }
    ]
   }
  }],
  "application-name": "asterix",
  "create-time": 0,
  "end-time": 0,
  "job-id": "JID:5",
  "profile": {
   "counters": [],
   "job-id": "JID:5",
   "joblets": [
    {
     "counters": [],
     "node-id": "nc1",
     "tasks": [{
      "activity-id": "ANID:ODID:0:0",
      "attempt": 0,
      "counters": [],
      "partition": 0,
      "partition-send-profile": []
     }]
    },
    {
     "counters": [],
     "node-id": "nc2",
     "tasks": [
      {
       "activity-id": "ANID:ODID:0:0",
       "attempt": 0,
       "counters": [],
       "partition": 1,
       "partition-send-profile": []
      },
      {
       "activity-id": "ANID:ODID:0:0",
       "attempt": 0,
       "counters": [],
       "partition": 2,
       "partition-send-profile": []
      }
     ]
    }
   ]
  },
  "start-time": 0,
  "status": "TERMINATED"
 },
 "job-specification": {
  "connectors": [],
  "operators": [{
   "display-name": "edu.uci.ics.hyracks.storage.am.common.dataflow.TreeIndexDropOperatorDescriptor[ODID:0]",
   "id": "ODID:0",
   "in-arity": 0,
   "java-class": "edu.uci.ics.hyracks.storage.am.common.dataflow.TreeIndexDropOperatorDescriptor",
   "out-arity": 0
  }]
 }
}
{
 "job-activity-graph": {
  "activities": [{
   "id": "ANID:ODID:0:0",
   "java-class": "edu.uci.ics.hyracks.storage.am.common.dataflow.TreeIndexDropOperatorDescriptor",
   "operator-id": "ODID:0"
  }],
  "flags": "[]"
 },
 "job-run": {
  "activity-clusters": [{
   "activities": ["ANID:ODID:0:0"],
   "activity-cluster-id": "AC:0",
   "dependencies": [],
   "dependents": [],
   "plan": {
    "activities": [{
     "activity-id": "ANID:ODID:0:0",
     "input-partition-counts": [],
     "output-partition-counts": [],
     "partition-count": 3,
     "tasks": [
      {
       "dependencies": [],
       "dependents": [],
       "task-id": "TID:ANID:ODID:0:0:0"
      },
      {
       "dependencies": [],
       "dependents": [],
       "task-id": "TID:ANID:ODID:0:0:1"
      },
      {
       "dependencies": [],
       "dependents": [],
       "task-id": "TID:ANID:ODID:0:0:2"
      }
     ]
    }],
    "task-clusters": [
     {
      "attempts": [{
       "attempt": 0,
       "end-time": 1336779151139,
       "start-time": 1336779151126,
       "status": "COMPLETED",
       "task-attempts": [{
        "end-time": 1336779151139,
        "node-id": "nc1",
        "start-time": 1336779151126,
        "status": "COMPLETED",
        "task-attempt-id": "TAID:TID:ANID:ODID:0:0:0:0",
        "task-id": "TID:ANID:ODID:0:0:0"
       }]
      }],
      "produced-partitions": [],
      "required-partitions": [],
      "task-cluster-id": "TC:AC:0:0",
      "tasks": ["TID:ANID:ODID:0:0:0"]
     },
     {
      "attempts": [{
       "attempt": 0,
       "end-time": 1336779151152,
       "start-time": 1336779151126,
       "status": "COMPLETED",
       "task-attempts": [{
        "end-time": 1336779151152,
        "node-id": "nc2",
        "start-time": 1336779151126,
        "status": "COMPLETED",
        "task-attempt-id": "TAID:TID:ANID:ODID:0:0:1:0",
        "task-id": "TID:ANID:ODID:0:0:1"
       }]
      }],
      "produced-partitions": [],
      "required-partitions": [],
      "task-cluster-id": "TC:AC:0:1",
      "tasks": ["TID:ANID:ODID:0:0:1"]
     },
     {
      "attempts": [{
       "attempt": 0,
       "end-time": 1336779151152,
       "start-time": 1336779151126,
       "status": "COMPLETED",
       "task-attempts": [{
        "end-time": 1336779151152,
        "node-id": "nc2",
        "start-time": 1336779151126,
        "status": "COMPLETED",
        "task-attempt-id": "TAID:TID:ANID:ODID:0:0:2:0",
        "task-id": "TID:ANID:ODID:0:0:2"
       }]
      }],
      "produced-partitions": [],
      "required-partitions": [],
      "task-cluster-id": "TC:AC:0:2",
      "tasks": ["TID:ANID:ODID:0:0:2"]
     }
    ]
   }
  }],
  "application-name": "asterix",
  "create-time": 0,
  "end-time": 0,
  "job-id": "JID:6",
  "profile": {
   "counters": [],
   "job-id": "JID:6",
   "joblets": [
    {
     "counters": [],
     "node-id": "nc1",
     "tasks": [{
      "activity-id": "ANID:ODID:0:0",
      "attempt": 0,
      "counters": [],
      "partition": 0,
      "partition-send-profile": []
     }]
    },
    {
     "counters": [],
     "node-id": "nc2",
     "tasks": [
      {
       "activity-id": "ANID:ODID:0:0",
       "attempt": 0,
       "counters": [],
       "partition": 1,
       "partition-send-profile": []
      },
      {
       "activity-id": "ANID:ODID:0:0",
       "attempt": 0,
       "counters": [],
       "partition": 2,
       "partition-send-profile": []
      }
     ]
    }
   ]
  },
  "start-time": 0,
  "status": "TERMINATED"
 },
 "job-specification": {
  "connectors": [],
  "operators": [{
   "display-name": "edu.uci.ics.hyracks.storage.am.common.dataflow.TreeIndexDropOperatorDescriptor[ODID:0]",
   "id": "ODID:0",
   "in-arity": 0,
   "java-class": "edu.uci.ics.hyracks.storage.am.common.dataflow.TreeIndexDropOperatorDescriptor",
   "out-arity": 0
  }]
 }
}
{
 "job-activity-graph": {
  "activities": [{
   "id": "ANID:ODID:0:0",
   "java-class": "edu.uci.ics.hyracks.storage.am.common.dataflow.TreeIndexDropOperatorDescriptor",
   "operator-id": "ODID:0"
  }],
  "flags": "[]"
 },
 "job-run": {
  "activity-clusters": [{
   "activities": ["ANID:ODID:0:0"],
   "activity-cluster-id": "AC:0",
   "dependencies": [],
   "dependents": [],
   "plan": {
    "activities": [{
     "activity-id": "ANID:ODID:0:0",
     "input-partition-counts": [],
     "output-partition-counts": [],
     "partition-count": 3,
     "tasks": [
      {
       "dependencies": [],
       "dependents": [],
       "task-id": "TID:ANID:ODID:0:0:0"
      },
      {
       "dependencies": [],
       "dependents": [],
       "task-id": "TID:ANID:ODID:0:0:1"
      },
      {
       "dependencies": [],
       "dependents": [],
       "task-id": "TID:ANID:ODID:0:0:2"
      }
     ]
    }],
    "task-clusters": [
     {
      "attempts": [{
       "attempt": 0,
       "end-time": 1336779151624,
       "start-time": 1336779151608,
       "status": "COMPLETED",
       "task-attempts": [{
        "end-time": 1336779151624,
        "node-id": "nc1",
        "start-time": 1336779151608,
        "status": "COMPLETED",
        "task-attempt-id": "TAID:TID:ANID:ODID:0:0:0:0",
        "task-id": "TID:ANID:ODID:0:0:0"
       }]
      }],
      "produced-partitions": [],
      "required-partitions": [],
      "task-cluster-id": "TC:AC:0:0",
      "tasks": ["TID:ANID:ODID:0:0:0"]
     },
     {
      "attempts": [{
       "attempt": 0,
       "end-time": 1336779151620,
       "start-time": 1336779151608,
       "status": "COMPLETED",
       "task-attempts": [{
        "end-time": 1336779151620,
        "node-id": "nc2",
        "start-time": 1336779151608,
        "status": "COMPLETED",
        "task-attempt-id": "TAID:TID:ANID:ODID:0:0:1:0",
        "task-id": "TID:ANID:ODID:0:0:1"
       }]
      }],
      "produced-partitions": [],
      "required-partitions": [],
      "task-cluster-id": "TC:AC:0:1",
      "tasks": ["TID:ANID:ODID:0:0:1"]
     },
     {
      "attempts": [{
       "attempt": 0,
       "end-time": 1336779151620,
       "start-time": 1336779151608,
       "status": "COMPLETED",
       "task-attempts": [{
        "end-time": 1336779151620,
        "node-id": "nc2",
        "start-time": 1336779151608,
        "status": "COMPLETED",
        "task-attempt-id": "TAID:TID:ANID:ODID:0:0:2:0",
        "task-id": "TID:ANID:ODID:0:0:2"
       }]
      }],
      "produced-partitions": [],
      "required-partitions": [],
      "task-cluster-id": "TC:AC:0:2",
      "tasks": ["TID:ANID:ODID:0:0:2"]
     }
    ]
   }
  }],
  "application-name": "asterix",
  "create-time": 0,
  "end-time": 0,
  "job-id": "JID:7",
  "profile": {
   "counters": [],
   "job-id": "JID:7",
   "joblets": [
    {
     "counters": [],
     "node-id": "nc1",
     "tasks": [{
      "activity-id": "ANID:ODID:0:0",
      "attempt": 0,
      "counters": [],
      "partition": 0,
      "partition-send-profile": []
     }]
    },
    {
     "counters": [],
     "node-id": "nc2",
     "tasks": [
      {
       "activity-id": "ANID:ODID:0:0",
       "attempt": 0,
       "counters": [],
       "partition": 1,
       "partition-send-profile": []
      },
      {
       "activity-id": "ANID:ODID:0:0",
       "attempt": 0,
       "counters": [],
       "partition": 2,
       "partition-send-profile": []
      }
     ]
    }
   ]
  },
  "start-time": 0,
  "status": "TERMINATED"
 },
 "job-specification": {
  "connectors": [],
  "operators": [{
   "display-name": "edu.uci.ics.hyracks.storage.am.common.dataflow.TreeIndexDropOperatorDescriptor[ODID:0]",
   "id": "ODID:0",
   "in-arity": 0,
   "java-class": "edu.uci.ics.hyracks.storage.am.common.dataflow.TreeIndexDropOperatorDescriptor",
   "out-arity": 0
  }]
 }
}
{
 "job-activity-graph": {
  "activities": [{
   "id": "ANID:ODID:0:0",
   "java-class": "edu.uci.ics.hyracks.storage.am.common.dataflow.TreeIndexDropOperatorDescriptor",
   "operator-id": "ODID:0"
  }],
  "flags": "[]"
 },
 "job-run": {
  "activity-clusters": [{
   "activities": ["ANID:ODID:0:0"],
   "activity-cluster-id": "AC:0",
   "dependencies": [],
   "dependents": [],
   "plan": {
    "activities": [{
     "activity-id": "ANID:ODID:0:0",
     "input-partition-counts": [],
     "output-partition-counts": [],
     "partition-count": 3,
     "tasks": [
      {
       "dependencies": [],
       "dependents": [],
       "task-id": "TID:ANID:ODID:0:0:0"
      },
      {
       "dependencies": [],
       "dependents": [],
       "task-id": "TID:ANID:ODID:0:0:1"
      },
      {
       "dependencies": [],
       "dependents": [],
       "task-id": "TID:ANID:ODID:0:0:2"
      }
     ]
    }],
    "task-clusters": [
     {
      "attempts": [{
       "attempt": 0,
       "end-time": 1336779151664,
       "start-time": 1336779151645,
       "status": "COMPLETED",
       "task-attempts": [{
        "end-time": 1336779151664,
        "node-id": "nc1",
        "start-time": 1336779151645,
        "status": "COMPLETED",
        "task-attempt-id": "TAID:TID:ANID:ODID:0:0:0:0",
        "task-id": "TID:ANID:ODID:0:0:0"
       }]
      }],
      "produced-partitions": [],
      "required-partitions": [],
      "task-cluster-id": "TC:AC:0:0",
      "tasks": ["TID:ANID:ODID:0:0:0"]
     },
     {
      "attempts": [{
       "attempt": 0,
       "end-time": 1336779151664,
       "start-time": 1336779151645,
       "status": "COMPLETED",
       "task-attempts": [{
        "end-time": 1336779151664,
        "node-id": "nc2",
        "start-time": 1336779151645,
        "status": "COMPLETED",
        "task-attempt-id": "TAID:TID:ANID:ODID:0:0:1:0",
        "task-id": "TID:ANID:ODID:0:0:1"
       }]
      }],
      "produced-partitions": [],
      "required-partitions": [],
      "task-cluster-id": "TC:AC:0:1",
      "tasks": ["TID:ANID:ODID:0:0:1"]
     },
     {
      "attempts": [{
       "attempt": 0,
       "end-time": 1336779151664,
       "start-time": 1336779151645,
       "status": "COMPLETED",
       "task-attempts": [{
        "end-time": 1336779151664,
        "node-id": "nc2",
        "start-time": 1336779151645,
        "status": "COMPLETED",
        "task-attempt-id": "TAID:TID:ANID:ODID:0:0:2:0",
        "task-id": "TID:ANID:ODID:0:0:2"
       }]
      }],
      "produced-partitions": [],
      "required-partitions": [],
      "task-cluster-id": "TC:AC:0:2",
      "tasks": ["TID:ANID:ODID:0:0:2"]
     }
    ]
   }
  }],
  "application-name": "asterix",
  "create-time": 0,
  "end-time": 0,
  "job-id": "JID:8",
  "profile": {
   "counters": [],
   "job-id": "JID:8",
   "joblets": [
    {
     "counters": [],
     "node-id": "nc1",
     "tasks": [{
      "activity-id": "ANID:ODID:0:0",
      "attempt": 0,
      "counters": [],
      "partition": 0,
      "partition-send-profile": []
     }]
    },
    {
     "counters": [],
     "node-id": "nc2",
     "tasks": [
      {
       "activity-id": "ANID:ODID:0:0",
       "attempt": 0,
       "counters": [],
       "partition": 1,
       "partition-send-profile": []
      },
      {
       "activity-id": "ANID:ODID:0:0",
       "attempt": 0,
       "counters": [],
       "partition": 2,
       "partition-send-profile": []
      }
     ]
    }
   ]
  },
  "start-time": 0,
  "status": "TERMINATED"
 },
 "job-specification": {
  "connectors": [],
  "operators": [{
   "display-name": "edu.uci.ics.hyracks.storage.am.common.dataflow.TreeIndexDropOperatorDescriptor[ODID:0]",
   "id": "ODID:0",
   "in-arity": 0,
   "java-class": "edu.uci.ics.hyracks.storage.am.common.dataflow.TreeIndexDropOperatorDescriptor",
   "out-arity": 0
  }]
 }
}
{
 "job-activity-graph": {
  "activities": [{
   "id": "ANID:ODID:0:0",
   "java-class": "edu.uci.ics.hyracks.storage.am.common.dataflow.TreeIndexDropOperatorDescriptor",
   "operator-id": "ODID:0"
  }],
  "flags": "[]"
 },
 "job-run": {
  "activity-clusters": [{
   "activities": ["ANID:ODID:0:0"],
   "activity-cluster-id": "AC:0",
   "dependencies": [],
   "dependents": [],
   "plan": {
    "activities": [{
     "activity-id": "ANID:ODID:0:0",
     "input-partition-counts": [],
     "output-partition-counts": [],
     "partition-count": 3,
     "tasks": [
      {
       "dependencies": [],
       "dependents": [],
       "task-id": "TID:ANID:ODID:0:0:0"
      },
      {
       "dependencies": [],
       "dependents": [],
       "task-id": "TID:ANID:ODID:0:0:1"
      },
      {
       "dependencies": [],
       "dependents": [],
       "task-id": "TID:ANID:ODID:0:0:2"
      }
     ]
    }],
    "task-clusters": [
     {
      "attempts": [{
       "attempt": 0,
       "end-time": 1336779151885,
       "start-time": 1336779151862,
       "status": "COMPLETED",
       "task-attempts": [{
        "end-time": 1336779151885,
        "node-id": "nc1",
        "start-time": 1336779151862,
        "status": "COMPLETED",
        "task-attempt-id": "TAID:TID:ANID:ODID:0:0:0:0",
        "task-id": "TID:ANID:ODID:0:0:0"
       }]
      }],
      "produced-partitions": [],
      "required-partitions": [],
      "task-cluster-id": "TC:AC:0:0",
      "tasks": ["TID:ANID:ODID:0:0:0"]
     },
     {
      "attempts": [{
       "attempt": 0,
       "end-time": 1336779151884,
       "start-time": 1336779151862,
       "status": "COMPLETED",
       "task-attempts": [{
        "end-time": 1336779151884,
        "node-id": "nc2",
        "start-time": 1336779151862,
        "status": "COMPLETED",
        "task-attempt-id": "TAID:TID:ANID:ODID:0:0:1:0",
        "task-id": "TID:ANID:ODID:0:0:1"
       }]
      }],
      "produced-partitions": [],
      "required-partitions": [],
      "task-cluster-id": "TC:AC:0:1",
      "tasks": ["TID:ANID:ODID:0:0:1"]
     },
     {
      "attempts": [{
       "attempt": 0,
       "end-time": 1336779151884,
       "start-time": 1336779151862,
       "status": "COMPLETED",
       "task-attempts": [{
        "end-time": 1336779151884,
        "node-id": "nc2",
        "start-time": 1336779151862,
        "status": "COMPLETED",
        "task-attempt-id": "TAID:TID:ANID:ODID:0:0:2:0",
        "task-id": "TID:ANID:ODID:0:0:2"
       }]
      }],
      "produced-partitions": [],
      "required-partitions": [],
      "task-cluster-id": "TC:AC:0:2",
      "tasks": ["TID:ANID:ODID:0:0:2"]
     }
    ]
   }
  }],
  "application-name": "asterix",
  "create-time": 0,
  "end-time": 0,
  "job-id": "JID:9",
  "profile": {
   "counters": [],
   "job-id": "JID:9",
   "joblets": [
    {
     "counters": [],
     "node-id": "nc1",
     "tasks": [{
      "activity-id": "ANID:ODID:0:0",
      "attempt": 0,
      "counters": [],
      "partition": 0,
      "partition-send-profile": []
     }]
    },
    {
     "counters": [],
     "node-id": "nc2",
     "tasks": [
      {
       "activity-id": "ANID:ODID:0:0",
       "attempt": 0,
       "counters": [],
       "partition": 1,
       "partition-send-profile": []
      },
      {
       "activity-id": "ANID:ODID:0:0",
       "attempt": 0,
       "counters": [],
       "partition": 2,
       "partition-send-profile": []
      }
     ]
    }
   ]
  },
  "start-time": 0,
  "status": "TERMINATED"
 },
 "job-specification": {
  "connectors": [],
  "operators": [{
   "display-name": "edu.uci.ics.hyracks.storage.am.common.dataflow.TreeIndexDropOperatorDescriptor[ODID:0]",
   "id": "ODID:0",
   "in-arity": 0,
   "java-class": "edu.uci.ics.hyracks.storage.am.common.dataflow.TreeIndexDropOperatorDescriptor",
   "out-arity": 0
  }]
 }
}
{
 "job-activity-graph": {
  "activities": [{
   "id": "ANID:ODID:0:0",
   "java-class": "edu.uci.ics.hyracks.storage.am.common.dataflow.TreeIndexDropOperatorDescriptor",
   "operator-id": "ODID:0"
  }],
  "flags": "[]"
 },
 "job-run": {
  "activity-clusters": [{
   "activities": ["ANID:ODID:0:0"],
   "activity-cluster-id": "AC:0",
   "dependencies": [],
   "dependents": [],
   "plan": {
    "activities": [{
     "activity-id": "ANID:ODID:0:0",
     "input-partition-counts": [],
     "output-partition-counts": [],
     "partition-count": 3,
     "tasks": [
      {
       "dependencies": [],
       "dependents": [],
       "task-id": "TID:ANID:ODID:0:0:0"
      },
      {
       "dependencies": [],
       "dependents": [],
       "task-id": "TID:ANID:ODID:0:0:1"
      },
      {
       "dependencies": [],
       "dependents": [],
       "task-id": "TID:ANID:ODID:0:0:2"
      }
     ]
    }],
    "task-clusters": [
     {
      "attempts": [{
       "attempt": 0,
       "end-time": 1336779151920,
       "start-time": 1336779151901,
       "status": "COMPLETED",
       "task-attempts": [{
        "end-time": 1336779151920,
        "node-id": "nc1",
        "start-time": 1336779151901,
        "status": "COMPLETED",
        "task-attempt-id": "TAID:TID:ANID:ODID:0:0:0:0",
        "task-id": "TID:ANID:ODID:0:0:0"
       }]
      }],
      "produced-partitions": [],
      "required-partitions": [],
      "task-cluster-id": "TC:AC:0:0",
      "tasks": ["TID:ANID:ODID:0:0:0"]
     },
     {
      "attempts": [{
       "attempt": 0,
       "end-time": 1336779151955,
       "start-time": 1336779151901,
       "status": "COMPLETED",
       "task-attempts": [{
        "end-time": 1336779151955,
        "node-id": "nc2",
        "start-time": 1336779151901,
        "status": "COMPLETED",
        "task-attempt-id": "TAID:TID:ANID:ODID:0:0:1:0",
        "task-id": "TID:ANID:ODID:0:0:1"
       }]
      }],
      "produced-partitions": [],
      "required-partitions": [],
      "task-cluster-id": "TC:AC:0:1",
      "tasks": ["TID:ANID:ODID:0:0:1"]
     },
     {
      "attempts": [{
       "attempt": 0,
       "end-time": 1336779151919,
       "start-time": 1336779151901,
       "status": "COMPLETED",
       "task-attempts": [{
        "end-time": 1336779151919,
        "node-id": "nc2",
        "start-time": 1336779151901,
        "status": "COMPLETED",
        "task-attempt-id": "TAID:TID:ANID:ODID:0:0:2:0",
        "task-id": "TID:ANID:ODID:0:0:2"
       }]
      }],
      "produced-partitions": [],
      "required-partitions": [],
      "task-cluster-id": "TC:AC:0:2",
      "tasks": ["TID:ANID:ODID:0:0:2"]
     }
    ]
   }
  }],
  "application-name": "asterix",
  "create-time": 0,
  "end-time": 0,
  "job-id": "JID:10",
  "profile": {
   "counters": [],
   "job-id": "JID:10",
   "joblets": [
    {
     "counters": [],
     "node-id": "nc1",
     "tasks": [{
      "activity-id": "ANID:ODID:0:0",
      "attempt": 0,
      "counters": [],
      "partition": 0,
      "partition-send-profile": []
     }]
    },
    {
     "counters": [],
     "node-id": "nc2",
     "tasks": [
      {
       "activity-id": "ANID:ODID:0:0",
       "attempt": 0,
       "counters": [],
       "partition": 1,
       "partition-send-profile": []
      },
      {
       "activity-id": "ANID:ODID:0:0",
       "attempt": 0,
       "counters": [],
       "partition": 2,
       "partition-send-profile": []
      }
     ]
    }
   ]
  },
  "start-time": 0,
  "status": "TERMINATED"
 },
 "job-specification": {
  "connectors": [],
  "operators": [{
   "display-name": "edu.uci.ics.hyracks.storage.am.common.dataflow.TreeIndexDropOperatorDescriptor[ODID:0]",
   "id": "ODID:0",
   "in-arity": 0,
   "java-class": "edu.uci.ics.hyracks.storage.am.common.dataflow.TreeIndexDropOperatorDescriptor",
   "out-arity": 0
  }]
 }
}
{
 "job-activity-graph": {
  "activities": [{
   "id": "ANID:ODID:0:0",
   "java-class": "edu.uci.ics.hyracks.storage.am.common.dataflow.TreeIndexDropOperatorDescriptor",
   "operator-id": "ODID:0"
  }],
  "flags": "[]"
 },
 "job-run": {
  "activity-clusters": [{
   "activities": ["ANID:ODID:0:0"],
   "activity-cluster-id": "AC:0",
   "dependencies": [],
   "dependents": [],
   "plan": {
    "activities": [{
     "activity-id": "ANID:ODID:0:0",
     "input-partition-counts": [],
     "output-partition-counts": [],
     "partition-count": 3,
     "tasks": [
      {
       "dependencies": [],
       "dependents": [],
       "task-id": "TID:ANID:ODID:0:0:0"
      },
      {
       "dependencies": [],
       "dependents": [],
       "task-id": "TID:ANID:ODID:0:0:1"
      },
      {
       "dependencies": [],
       "dependents": [],
       "task-id": "TID:ANID:ODID:0:0:2"
      }
     ]
    }],
    "task-clusters": [
     {
      "attempts": [{
       "attempt": 0,
       "end-time": 1336779152175,
       "start-time": 1336779152167,
       "status": "COMPLETED",
       "task-attempts": [{
        "end-time": 1336779152175,
        "node-id": "nc1",
        "start-time": 1336779152167,
        "status": "COMPLETED",
        "task-attempt-id": "TAID:TID:ANID:ODID:0:0:0:0",
        "task-id": "TID:ANID:ODID:0:0:0"
       }]
      }],
      "produced-partitions": [],
      "required-partitions": [],
      "task-cluster-id": "TC:AC:0:0",
      "tasks": ["TID:ANID:ODID:0:0:0"]
     },
     {
      "attempts": [{
       "attempt": 0,
       "end-time": 1336779152175,
       "start-time": 1336779152167,
       "status": "COMPLETED",
       "task-attempts": [{
        "end-time": 1336779152175,
        "node-id": "nc2",
        "start-time": 1336779152167,
        "status": "COMPLETED",
        "task-attempt-id": "TAID:TID:ANID:ODID:0:0:1:0",
        "task-id": "TID:ANID:ODID:0:0:1"
       }]
      }],
      "produced-partitions": [],
      "required-partitions": [],
      "task-cluster-id": "TC:AC:0:1",
      "tasks": ["TID:ANID:ODID:0:0:1"]
     },
     {
      "attempts": [{
       "attempt": 0,
       "end-time": 1336779152175,
       "start-time": 1336779152167,
       "status": "COMPLETED",
       "task-attempts": [{
        "end-time": 1336779152175,
        "node-id": "nc2",
        "start-time": 1336779152167,
        "status": "COMPLETED",
        "task-attempt-id": "TAID:TID:ANID:ODID:0:0:2:0",
        "task-id": "TID:ANID:ODID:0:0:2"
       }]
      }],
      "produced-partitions": [],
      "required-partitions": [],
      "task-cluster-id": "TC:AC:0:2",
      "tasks": ["TID:ANID:ODID:0:0:2"]
     }
    ]
   }
  }],
  "application-name": "asterix",
  "create-time": 0,
  "end-time": 0,
  "job-id": "JID:11",
  "profile": {
   "counters": [],
   "job-id": "JID:11",
   "joblets": [
    {
     "counters": [],
     "node-id": "nc1",
     "tasks": [{
      "activity-id": "ANID:ODID:0:0",
      "attempt": 0,
      "counters": [],
      "partition": 0,
      "partition-send-profile": []
     }]
    },
    {
     "counters": [],
     "node-id": "nc2",
     "tasks": [
      {
       "activity-id": "ANID:ODID:0:0",
       "attempt": 0,
       "counters": [],
       "partition": 1,
       "partition-send-profile": []
      },
      {
       "activity-id": "ANID:ODID:0:0",
       "attempt": 0,
       "counters": [],
       "partition": 2,
       "partition-send-profile": []
      }
     ]
    }
   ]
  },
  "start-time": 0,
  "status": "TERMINATED"
 },
 "job-specification": {
  "connectors": [],
  "operators": [{
   "display-name": "edu.uci.ics.hyracks.storage.am.common.dataflow.TreeIndexDropOperatorDescriptor[ODID:0]",
   "id": "ODID:0",
   "in-arity": 0,
   "java-class": "edu.uci.ics.hyracks.storage.am.common.dataflow.TreeIndexDropOperatorDescriptor",
   "out-arity": 0
  }]
 }
}
{
 "job-activity-graph": {
  "activities": [{
   "id": "ANID:ODID:0:0",
   "java-class": "edu.uci.ics.hyracks.storage.am.common.dataflow.TreeIndexDropOperatorDescriptor",
   "operator-id": "ODID:0"
  }],
  "flags": "[]"
 },
 "job-run": {
  "activity-clusters": [{
   "activities": ["ANID:ODID:0:0"],
   "activity-cluster-id": "AC:0",
   "dependencies": [],
   "dependents": [],
   "plan": {
    "activities": [{
     "activity-id": "ANID:ODID:0:0",
     "input-partition-counts": [],
     "output-partition-counts": [],
     "partition-count": 3,
     "tasks": [
      {
       "dependencies": [],
       "dependents": [],
       "task-id": "TID:ANID:ODID:0:0:0"
      },
      {
       "dependencies": [],
       "dependents": [],
       "task-id": "TID:ANID:ODID:0:0:1"
      },
      {
       "dependencies": [],
       "dependents": [],
       "task-id": "TID:ANID:ODID:0:0:2"
      }
     ]
    }],
    "task-clusters": [
     {
      "attempts": [{
       "attempt": 0,
       "end-time": 1336779152204,
       "start-time": 1336779152195,
       "status": "COMPLETED",
       "task-attempts": [{
        "end-time": 1336779152204,
        "node-id": "nc1",
        "start-time": 1336779152195,
        "status": "COMPLETED",
        "task-attempt-id": "TAID:TID:ANID:ODID:0:0:0:0",
        "task-id": "TID:ANID:ODID:0:0:0"
       }]
      }],
      "produced-partitions": [],
      "required-partitions": [],
      "task-cluster-id": "TC:AC:0:0",
      "tasks": ["TID:ANID:ODID:0:0:0"]
     },
     {
      "attempts": [{
       "attempt": 0,
       "end-time": 1336779152208,
       "start-time": 1336779152195,
       "status": "COMPLETED",
       "task-attempts": [{
        "end-time": 1336779152208,
        "node-id": "nc2",
        "start-time": 1336779152195,
        "status": "COMPLETED",
        "task-attempt-id": "TAID:TID:ANID:ODID:0:0:1:0",
        "task-id": "TID:ANID:ODID:0:0:1"
       }]
      }],
      "produced-partitions": [],
      "required-partitions": [],
      "task-cluster-id": "TC:AC:0:1",
      "tasks": ["TID:ANID:ODID:0:0:1"]
     },
     {
      "attempts": [{
       "attempt": 0,
       "end-time": 1336779152246,
       "start-time": 1336779152195,
       "status": "COMPLETED",
       "task-attempts": [{
        "end-time": 1336779152246,
        "node-id": "nc2",
        "start-time": 1336779152195,
        "status": "COMPLETED",
        "task-attempt-id": "TAID:TID:ANID:ODID:0:0:2:0",
        "task-id": "TID:ANID:ODID:0:0:2"
       }]
      }],
      "produced-partitions": [],
      "required-partitions": [],
      "task-cluster-id": "TC:AC:0:2",
      "tasks": ["TID:ANID:ODID:0:0:2"]
     }
    ]
   }
  }],
  "application-name": "asterix",
  "create-time": 0,
  "end-time": 0,
  "job-id": "JID:12",
  "profile": {
   "counters": [],
   "job-id": "JID:12",
   "joblets": [
    {
     "counters": [],
     "node-id": "nc1",
     "tasks": [{
      "activity-id": "ANID:ODID:0:0",
      "attempt": 0,
      "counters": [],
      "partition": 0,
      "partition-send-profile": []
     }]
    },
    {
     "counters": [],
     "node-id": "nc2",
     "tasks": [
      {
       "activity-id": "ANID:ODID:0:0",
       "attempt": 0,
       "counters": [],
       "partition": 1,
       "partition-send-profile": []
      },
      {
       "activity-id": "ANID:ODID:0:0",
       "attempt": 0,
       "counters": [],
       "partition": 2,
       "partition-send-profile": []
      }
     ]
    }
   ]
  },
  "start-time": 0,
  "status": "TERMINATED"
 },
 "job-specification": {
  "connectors": [],
  "operators": [{
   "display-name": "edu.uci.ics.hyracks.storage.am.common.dataflow.TreeIndexDropOperatorDescriptor[ODID:0]",
   "id": "ODID:0",
   "in-arity": 0,
   "java-class": "edu.uci.ics.hyracks.storage.am.common.dataflow.TreeIndexDropOperatorDescriptor",
   "out-arity": 0
  }]
 }
}
{
 "job-activity-graph": {
  "activities": [{
   "id": "ANID:ODID:0:0",
   "java-class": "edu.uci.ics.hyracks.storage.am.common.dataflow.TreeIndexDropOperatorDescriptor",
   "operator-id": "ODID:0"
  }],
  "flags": "[]"
 },
 "job-run": {
  "activity-clusters": [{
   "activities": ["ANID:ODID:0:0"],
   "activity-cluster-id": "AC:0",
   "dependencies": [],
   "dependents": [],
   "plan": {
    "activities": [{
     "activity-id": "ANID:ODID:0:0",
     "input-partition-counts": [],
     "output-partition-counts": [],
     "partition-count": 3,
     "tasks": [
      {
       "dependencies": [],
       "dependents": [],
       "task-id": "TID:ANID:ODID:0:0:0"
      },
      {
       "dependencies": [],
       "dependents": [],
       "task-id": "TID:ANID:ODID:0:0:1"
      },
      {
       "dependencies": [],
       "dependents": [],
       "task-id": "TID:ANID:ODID:0:0:2"
      }
     ]
    }],
    "task-clusters": [
     {
      "attempts": [{
       "attempt": 0,
       "end-time": 1336779152329,
       "start-time": 1336779152321,
       "status": "COMPLETED",
       "task-attempts": [{
        "end-time": 1336779152329,
        "node-id": "nc1",
        "start-time": 1336779152321,
        "status": "COMPLETED",
        "task-attempt-id": "TAID:TID:ANID:ODID:0:0:0:0",
        "task-id": "TID:ANID:ODID:0:0:0"
       }]
      }],
      "produced-partitions": [],
      "required-partitions": [],
      "task-cluster-id": "TC:AC:0:0",
      "tasks": ["TID:ANID:ODID:0:0:0"]
     },
     {
      "attempts": [{
       "attempt": 0,
       "end-time": 1336779152328,
       "start-time": 1336779152321,
       "status": "COMPLETED",
       "task-attempts": [{
        "end-time": 1336779152328,
        "node-id": "nc2",
        "start-time": 1336779152321,
        "status": "COMPLETED",
        "task-attempt-id": "TAID:TID:ANID:ODID:0:0:1:0",
        "task-id": "TID:ANID:ODID:0:0:1"
       }]
      }],
      "produced-partitions": [],
      "required-partitions": [],
      "task-cluster-id": "TC:AC:0:1",
      "tasks": ["TID:ANID:ODID:0:0:1"]
     },
     {
      "attempts": [{
       "attempt": 0,
       "end-time": 1336779152328,
       "start-time": 1336779152321,
       "status": "COMPLETED",
       "task-attempts": [{
        "end-time": 1336779152328,
        "node-id": "nc2",
        "start-time": 1336779152321,
        "status": "COMPLETED",
        "task-attempt-id": "TAID:TID:ANID:ODID:0:0:2:0",
        "task-id": "TID:ANID:ODID:0:0:2"
       }]
      }],
      "produced-partitions": [],
      "required-partitions": [],
      "task-cluster-id": "TC:AC:0:2",
      "tasks": ["TID:ANID:ODID:0:0:2"]
     }
    ]
   }
  }],
  "application-name": "asterix",
  "create-time": 0,
  "end-time": 0,
  "job-id": "JID:13",
  "profile": {
   "counters": [],
   "job-id": "JID:13",
   "joblets": [
    {
     "counters": [],
     "node-id": "nc1",
     "tasks": [{
      "activity-id": "ANID:ODID:0:0",
      "attempt": 0,
      "counters": [],
      "partition": 0,
      "partition-send-profile": []
     }]
    },
    {
     "counters": [],
     "node-id": "nc2",
     "tasks": [
      {
       "activity-id": "ANID:ODID:0:0",
       "attempt": 0,
       "counters": [],
       "partition": 1,
       "partition-send-profile": []
      },
      {
       "activity-id": "ANID:ODID:0:0",
       "attempt": 0,
       "counters": [],
       "partition": 2,
       "partition-send-profile": []
      }
     ]
    }
   ]
  },
  "start-time": 0,
  "status": "TERMINATED"
 },
 "job-specification": {
  "connectors": [],
  "operators": [{
   "display-name": "edu.uci.ics.hyracks.storage.am.common.dataflow.TreeIndexDropOperatorDescriptor[ODID:0]",
   "id": "ODID:0",
   "in-arity": 0,
   "java-class": "edu.uci.ics.hyracks.storage.am.common.dataflow.TreeIndexDropOperatorDescriptor",
   "out-arity": 0
  }]
 }
}
{
 "job-activity-graph": {
  "activities": [{
   "id": "ANID:ODID:0:0",
   "java-class": "edu.uci.ics.hyracks.storage.am.common.dataflow.TreeIndexDropOperatorDescriptor",
   "operator-id": "ODID:0"
  }],
  "flags": "[]"
 },
 "job-run": {
  "activity-clusters": [{
   "activities": ["ANID:ODID:0:0"],
   "activity-cluster-id": "AC:0",
   "dependencies": [],
   "dependents": [],
   "plan": {
    "activities": [{
     "activity-id": "ANID:ODID:0:0",
     "input-partition-counts": [],
     "output-partition-counts": [],
     "partition-count": 3,
     "tasks": [
      {
       "dependencies": [],
       "dependents": [],
       "task-id": "TID:ANID:ODID:0:0:0"
      },
      {
       "dependencies": [],
       "dependents": [],
       "task-id": "TID:ANID:ODID:0:0:1"
      },
      {
       "dependencies": [],
       "dependents": [],
       "task-id": "TID:ANID:ODID:0:0:2"
      }
     ]
    }],
    "task-clusters": [
     {
      "attempts": [{
       "attempt": 0,
       "end-time": 1336779152449,
       "start-time": 1336779152444,
       "status": "COMPLETED",
       "task-attempts": [{
        "end-time": 1336779152449,
        "node-id": "nc1",
        "start-time": 1336779152444,
        "status": "COMPLETED",
        "task-attempt-id": "TAID:TID:ANID:ODID:0:0:0:0",
        "task-id": "TID:ANID:ODID:0:0:0"
       }]
      }],
      "produced-partitions": [],
      "required-partitions": [],
      "task-cluster-id": "TC:AC:0:0",
      "tasks": ["TID:ANID:ODID:0:0:0"]
     },
     {
      "attempts": [{
       "attempt": 0,
       "end-time": 1336779152449,
       "start-time": 1336779152443,
       "status": "COMPLETED",
       "task-attempts": [{
        "end-time": 1336779152449,
        "node-id": "nc2",
        "start-time": 1336779152443,
        "status": "COMPLETED",
        "task-attempt-id": "TAID:TID:ANID:ODID:0:0:1:0",
        "task-id": "TID:ANID:ODID:0:0:1"
       }]
      }],
      "produced-partitions": [],
      "required-partitions": [],
      "task-cluster-id": "TC:AC:0:1",
      "tasks": ["TID:ANID:ODID:0:0:1"]
     },
     {
      "attempts": [{
       "attempt": 0,
       "end-time": 1336779152450,
       "start-time": 1336779152444,
       "status": "COMPLETED",
       "task-attempts": [{
        "end-time": 1336779152450,
        "node-id": "nc2",
        "start-time": 1336779152444,
        "status": "COMPLETED",
        "task-attempt-id": "TAID:TID:ANID:ODID:0:0:2:0",
        "task-id": "TID:ANID:ODID:0:0:2"
       }]
      }],
      "produced-partitions": [],
      "required-partitions": [],
      "task-cluster-id": "TC:AC:0:2",
      "tasks": ["TID:ANID:ODID:0:0:2"]
     }
    ]
   }
  }],
  "application-name": "asterix",
  "create-time": 0,
  "end-time": 0,
  "job-id": "JID:14",
  "profile": {
   "counters": [],
   "job-id": "JID:14",
   "joblets": [
    {
     "counters": [],
     "node-id": "nc1",
     "tasks": [{
      "activity-id": "ANID:ODID:0:0",
      "attempt": 0,
      "counters": [],
      "partition": 0,
      "partition-send-profile": []
     }]
    },
    {
     "counters": [],
     "node-id": "nc2",
     "tasks": [
      {
       "activity-id": "ANID:ODID:0:0",
       "attempt": 0,
       "counters": [],
       "partition": 1,
       "partition-send-profile": []
      },
      {
       "activity-id": "ANID:ODID:0:0",
       "attempt": 0,
       "counters": [],
       "partition": 2,
       "partition-send-profile": []
      }
     ]
    }
   ]
  },
  "start-time": 0,
  "status": "TERMINATED"
 },
 "job-specification": {
  "connectors": [],
  "operators": [{
   "display-name": "edu.uci.ics.hyracks.storage.am.common.dataflow.TreeIndexDropOperatorDescriptor[ODID:0]",
   "id": "ODID:0",
   "in-arity": 0,
   "java-class": "edu.uci.ics.hyracks.storage.am.common.dataflow.TreeIndexDropOperatorDescriptor",
   "out-arity": 0
  }]
 }
}
{
 "job-activity-graph": {
  "activities": [{
   "id": "ANID:ODID:0:0",
   "java-class": "edu.uci.ics.hyracks.storage.am.common.dataflow.TreeIndexDropOperatorDescriptor",
   "operator-id": "ODID:0"
  }],
  "flags": "[]"
 },
 "job-run": {
  "activity-clusters": [{
   "activities": ["ANID:ODID:0:0"],
   "activity-cluster-id": "AC:0",
   "dependencies": [],
   "dependents": [],
   "plan": {
    "activities": [{
     "activity-id": "ANID:ODID:0:0",
     "input-partition-counts": [],
     "output-partition-counts": [],
     "partition-count": 3,
     "tasks": [
      {
       "dependencies": [],
       "dependents": [],
       "task-id": "TID:ANID:ODID:0:0:0"
      },
      {
       "dependencies": [],
       "dependents": [],
       "task-id": "TID:ANID:ODID:0:0:1"
      },
      {
       "dependencies": [],
       "dependents": [],
       "task-id": "TID:ANID:ODID:0:0:2"
      }
     ]
    }],
    "task-clusters": [
     {
      "attempts": [{
       "attempt": 0,
       "end-time": 1336779152461,
       "start-time": 1336779152455,
       "status": "COMPLETED",
       "task-attempts": [{
        "end-time": 1336779152461,
        "node-id": "nc1",
        "start-time": 1336779152455,
        "status": "COMPLETED",
        "task-attempt-id": "TAID:TID:ANID:ODID:0:0:0:0",
        "task-id": "TID:ANID:ODID:0:0:0"
       }]
      }],
      "produced-partitions": [],
      "required-partitions": [],
      "task-cluster-id": "TC:AC:0:0",
      "tasks": ["TID:ANID:ODID:0:0:0"]
     },
     {
      "attempts": [{
       "attempt": 0,
       "end-time": 1336779152498,
       "start-time": 1336779152455,
       "status": "COMPLETED",
       "task-attempts": [{
        "end-time": 1336779152498,
        "node-id": "nc2",
        "start-time": 1336779152455,
        "status": "COMPLETED",
        "task-attempt-id": "TAID:TID:ANID:ODID:0:0:1:0",
        "task-id": "TID:ANID:ODID:0:0:1"
       }]
      }],
      "produced-partitions": [],
      "required-partitions": [],
      "task-cluster-id": "TC:AC:0:1",
      "tasks": ["TID:ANID:ODID:0:0:1"]
     },
     {
      "attempts": [{
       "attempt": 0,
       "end-time": 1336779152460,
       "start-time": 1336779152455,
       "status": "COMPLETED",
       "task-attempts": [{
        "end-time": 1336779152460,
        "node-id": "nc2",
        "start-time": 1336779152455,
        "status": "COMPLETED",
        "task-attempt-id": "TAID:TID:ANID:ODID:0:0:2:0",
        "task-id": "TID:ANID:ODID:0:0:2"
       }]
      }],
      "produced-partitions": [],
      "required-partitions": [],
      "task-cluster-id": "TC:AC:0:2",
      "tasks": ["TID:ANID:ODID:0:0:2"]
     }
    ]
   }
  }],
  "application-name": "asterix",
  "create-time": 0,
  "end-time": 0,
  "job-id": "JID:15",
  "profile": {
   "counters": [],
   "job-id": "JID:15",
   "joblets": [
    {
     "counters": [],
     "node-id": "nc1",
     "tasks": [{
      "activity-id": "ANID:ODID:0:0",
      "attempt": 0,
      "counters": [],
      "partition": 0,
      "partition-send-profile": []
     }]
    },
    {
     "counters": [],
     "node-id": "nc2",
     "tasks": [
      {
       "activity-id": "ANID:ODID:0:0",
       "attempt": 0,
       "counters": [],
       "partition": 1,
       "partition-send-profile": []
      },
      {
       "activity-id": "ANID:ODID:0:0",
       "attempt": 0,
       "counters": [],
       "partition": 2,
       "partition-send-profile": []
      }
     ]
    }
   ]
  },
  "start-time": 0,
  "status": "TERMINATED"
 },
 "job-specification": {
  "connectors": [],
  "operators": [{
   "display-name": "edu.uci.ics.hyracks.storage.am.common.dataflow.TreeIndexDropOperatorDescriptor[ODID:0]",
   "id": "ODID:0",
   "in-arity": 0,
   "java-class": "edu.uci.ics.hyracks.storage.am.common.dataflow.TreeIndexDropOperatorDescriptor",
   "out-arity": 0
  }]
 }
}
{
 "job-activity-graph": {
  "activities": [{
   "id": "ANID:ODID:0:0",
   "java-class": "edu.uci.ics.hyracks.storage.am.common.dataflow.TreeIndexDropOperatorDescriptor",
   "operator-id": "ODID:0"
  }],
  "flags": "[]"
 },
 "job-run": {
  "activity-clusters": [{
   "activities": ["ANID:ODID:0:0"],
   "activity-cluster-id": "AC:0",
   "dependencies": [],
   "dependents": [],
   "plan": {
    "activities": [{
     "activity-id": "ANID:ODID:0:0",
     "input-partition-counts": [],
     "output-partition-counts": [],
     "partition-count": 3,
     "tasks": [
      {
       "dependencies": [],
       "dependents": [],
       "task-id": "TID:ANID:ODID:0:0:0"
      },
      {
       "dependencies": [],
       "dependents": [],
       "task-id": "TID:ANID:ODID:0:0:1"
      },
      {
       "dependencies": [],
       "dependents": [],
       "task-id": "TID:ANID:ODID:0:0:2"
      }
     ]
    }],
    "task-clusters": [
     {
      "attempts": [{
       "attempt": 0,
       "end-time": 1336779152535,
       "start-time": 1336779152527,
       "status": "COMPLETED",
       "task-attempts": [{
        "end-time": 1336779152535,
        "node-id": "nc1",
        "start-time": 1336779152527,
        "status": "COMPLETED",
        "task-attempt-id": "TAID:TID:ANID:ODID:0:0:0:0",
        "task-id": "TID:ANID:ODID:0:0:0"
       }]
      }],
      "produced-partitions": [],
      "required-partitions": [],
      "task-cluster-id": "TC:AC:0:0",
      "tasks": ["TID:ANID:ODID:0:0:0"]
     },
     {
      "attempts": [{
       "attempt": 0,
       "end-time": 1336779152535,
       "start-time": 1336779152527,
       "status": "COMPLETED",
       "task-attempts": [{
        "end-time": 1336779152535,
        "node-id": "nc2",
        "start-time": 1336779152527,
        "status": "COMPLETED",
        "task-attempt-id": "TAID:TID:ANID:ODID:0:0:1:0",
        "task-id": "TID:ANID:ODID:0:0:1"
       }]
      }],
      "produced-partitions": [],
      "required-partitions": [],
      "task-cluster-id": "TC:AC:0:1",
      "tasks": ["TID:ANID:ODID:0:0:1"]
     },
     {
      "attempts": [{
       "attempt": 0,
       "end-time": 1336779152575,
       "start-time": 1336779152527,
       "status": "COMPLETED",
       "task-attempts": [{
        "end-time": 1336779152575,
        "node-id": "nc2",
        "start-time": 1336779152527,
        "status": "COMPLETED",
        "task-attempt-id": "TAID:TID:ANID:ODID:0:0:2:0",
        "task-id": "TID:ANID:ODID:0:0:2"
       }]
      }],
      "produced-partitions": [],
      "required-partitions": [],
      "task-cluster-id": "TC:AC:0:2",
      "tasks": ["TID:ANID:ODID:0:0:2"]
     }
    ]
   }
  }],
  "application-name": "asterix",
  "create-time": 0,
  "end-time": 0,
  "job-id": "JID:16",
  "profile": {
   "counters": [],
   "job-id": "JID:16",
   "joblets": [
    {
     "counters": [],
     "node-id": "nc1",
     "tasks": [{
      "activity-id": "ANID:ODID:0:0",
      "attempt": 0,
      "counters": [],
      "partition": 0,
      "partition-send-profile": []
     }]
    },
    {
     "counters": [],
     "node-id": "nc2",
     "tasks": [
      {
       "activity-id": "ANID:ODID:0:0",
       "attempt": 0,
       "counters": [],
       "partition": 1,
       "partition-send-profile": []
      },
      {
       "activity-id": "ANID:ODID:0:0",
       "attempt": 0,
       "counters": [],
       "partition": 2,
       "partition-send-profile": []
      }
     ]
    }
   ]
  },
  "start-time": 0,
  "status": "TERMINATED"
 },
 "job-specification": {
  "connectors": [],
  "operators": [{
   "display-name": "edu.uci.ics.hyracks.storage.am.common.dataflow.TreeIndexDropOperatorDescriptor[ODID:0]",
   "id": "ODID:0",
   "in-arity": 0,
   "java-class": "edu.uci.ics.hyracks.storage.am.common.dataflow.TreeIndexDropOperatorDescriptor",
   "out-arity": 0
  }]
 }
}
{
 "job-activity-graph": {
  "activities": [{
   "id": "ANID:ODID:0:0",
   "java-class": "edu.uci.ics.hyracks.storage.am.common.dataflow.TreeIndexDropOperatorDescriptor",
   "operator-id": "ODID:0"
  }],
  "flags": "[]"
 },
 "job-run": {
  "activity-clusters": [{
   "activities": ["ANID:ODID:0:0"],
   "activity-cluster-id": "AC:0",
   "dependencies": [],
   "dependents": [],
   "plan": {
    "activities": [{
     "activity-id": "ANID:ODID:0:0",
     "input-partition-counts": [],
     "output-partition-counts": [],
     "partition-count": 3,
     "tasks": [
      {
       "dependencies": [],
       "dependents": [],
       "task-id": "TID:ANID:ODID:0:0:0"
      },
      {
       "dependencies": [],
       "dependents": [],
       "task-id": "TID:ANID:ODID:0:0:1"
      },
      {
       "dependencies": [],
       "dependents": [],
       "task-id": "TID:ANID:ODID:0:0:2"
      }
     ]
    }],
    "task-clusters": [
     {
      "attempts": [{
       "attempt": 0,
       "end-time": 1336779152658,
       "start-time": 1336779152654,
       "status": "COMPLETED",
       "task-attempts": [{
        "end-time": 1336779152658,
        "node-id": "nc1",
        "start-time": 1336779152654,
        "status": "COMPLETED",
        "task-attempt-id": "TAID:TID:ANID:ODID:0:0:0:0",
        "task-id": "TID:ANID:ODID:0:0:0"
       }]
      }],
      "produced-partitions": [],
      "required-partitions": [],
      "task-cluster-id": "TC:AC:0:0",
      "tasks": ["TID:ANID:ODID:0:0:0"]
     },
     {
      "attempts": [{
       "attempt": 0,
       "end-time": 1336779152698,
       "start-time": 1336779152654,
       "status": "COMPLETED",
       "task-attempts": [{
        "end-time": 1336779152698,
        "node-id": "nc2",
        "start-time": 1336779152654,
        "status": "COMPLETED",
        "task-attempt-id": "TAID:TID:ANID:ODID:0:0:1:0",
        "task-id": "TID:ANID:ODID:0:0:1"
       }]
      }],
      "produced-partitions": [],
      "required-partitions": [],
      "task-cluster-id": "TC:AC:0:1",
      "tasks": ["TID:ANID:ODID:0:0:1"]
     },
     {
      "attempts": [{
       "attempt": 0,
       "end-time": 1336779152659,
       "start-time": 1336779152653,
       "status": "COMPLETED",
       "task-attempts": [{
        "end-time": 1336779152659,
        "node-id": "nc2",
        "start-time": 1336779152653,
        "status": "COMPLETED",
        "task-attempt-id": "TAID:TID:ANID:ODID:0:0:2:0",
        "task-id": "TID:ANID:ODID:0:0:2"
       }]
      }],
      "produced-partitions": [],
      "required-partitions": [],
      "task-cluster-id": "TC:AC:0:2",
      "tasks": ["TID:ANID:ODID:0:0:2"]
     }
    ]
   }
  }],
  "application-name": "asterix",
  "create-time": 0,
  "end-time": 0,
  "job-id": "JID:17",
  "profile": {
   "counters": [],
   "job-id": "JID:17",
   "joblets": [
    {
     "counters": [],
     "node-id": "nc1",
     "tasks": [{
      "activity-id": "ANID:ODID:0:0",
      "attempt": 0,
      "counters": [],
      "partition": 0,
      "partition-send-profile": []
     }]
    },
    {
     "counters": [],
     "node-id": "nc2",
     "tasks": [
      {
       "activity-id": "ANID:ODID:0:0",
       "attempt": 0,
       "counters": [],
       "partition": 1,
       "partition-send-profile": []
      },
      {
       "activity-id": "ANID:ODID:0:0",
       "attempt": 0,
       "counters": [],
       "partition": 2,
       "partition-send-profile": []
      }
     ]
    }
   ]
  },
  "start-time": 0,
  "status": "TERMINATED"
 },
 "job-specification": {
  "connectors": [],
  "operators": [{
   "display-name": "edu.uci.ics.hyracks.storage.am.common.dataflow.TreeIndexDropOperatorDescriptor[ODID:0]",
   "id": "ODID:0",
   "in-arity": 0,
   "java-class": "edu.uci.ics.hyracks.storage.am.common.dataflow.TreeIndexDropOperatorDescriptor",
   "out-arity": 0
  }]
 }
}
{
 "job-activity-graph": {
  "activities": [{
   "id": "ANID:ODID:0:0",
   "java-class": "edu.uci.ics.hyracks.storage.am.common.dataflow.TreeIndexDropOperatorDescriptor",
   "operator-id": "ODID:0"
  }],
  "flags": "[]"
 },
 "job-run": {
  "activity-clusters": [{
   "activities": ["ANID:ODID:0:0"],
   "activity-cluster-id": "AC:0",
   "dependencies": [],
   "dependents": [],
   "plan": {
    "activities": [{
     "activity-id": "ANID:ODID:0:0",
     "input-partition-counts": [],
     "output-partition-counts": [],
     "partition-count": 3,
     "tasks": [
      {
       "dependencies": [],
       "dependents": [],
       "task-id": "TID:ANID:ODID:0:0:0"
      },
      {
       "dependencies": [],
       "dependents": [],
       "task-id": "TID:ANID:ODID:0:0:1"
      },
      {
       "dependencies": [],
       "dependents": [],
       "task-id": "TID:ANID:ODID:0:0:2"
      }
     ]
    }],
    "task-clusters": [
     {
      "attempts": [{
       "attempt": 0,
       "end-time": 1336779152713,
       "start-time": 1336779152707,
       "status": "COMPLETED",
       "task-attempts": [{
        "end-time": 1336779152713,
        "node-id": "nc1",
        "start-time": 1336779152707,
        "status": "COMPLETED",
        "task-attempt-id": "TAID:TID:ANID:ODID:0:0:0:0",
        "task-id": "TID:ANID:ODID:0:0:0"
       }]
      }],
      "produced-partitions": [],
      "required-partitions": [],
      "task-cluster-id": "TC:AC:0:0",
      "tasks": ["TID:ANID:ODID:0:0:0"]
     },
     {
      "attempts": [{
       "attempt": 0,
       "end-time": 1336779152712,
       "start-time": 1336779152707,
       "status": "COMPLETED",
       "task-attempts": [{
        "end-time": 1336779152712,
        "node-id": "nc2",
        "start-time": 1336779152707,
        "status": "COMPLETED",
        "task-attempt-id": "TAID:TID:ANID:ODID:0:0:1:0",
        "task-id": "TID:ANID:ODID:0:0:1"
       }]
      }],
      "produced-partitions": [],
      "required-partitions": [],
      "task-cluster-id": "TC:AC:0:1",
      "tasks": ["TID:ANID:ODID:0:0:1"]
     },
     {
      "attempts": [{
       "attempt": 0,
       "end-time": 1336779152712,
       "start-time": 1336779152707,
       "status": "COMPLETED",
       "task-attempts": [{
        "end-time": 1336779152712,
        "node-id": "nc2",
        "start-time": 1336779152707,
        "status": "COMPLETED",
        "task-attempt-id": "TAID:TID:ANID:ODID:0:0:2:0",
        "task-id": "TID:ANID:ODID:0:0:2"
       }]
      }],
      "produced-partitions": [],
      "required-partitions": [],
      "task-cluster-id": "TC:AC:0:2",
      "tasks": ["TID:ANID:ODID:0:0:2"]
     }
    ]
   }
  }],
  "application-name": "asterix",
  "create-time": 0,
  "end-time": 0,
  "job-id": "JID:18",
  "profile": {
   "counters": [],
   "job-id": "JID:18",
   "joblets": [
    {
     "counters": [],
     "node-id": "nc1",
     "tasks": [{
      "activity-id": "ANID:ODID:0:0",
      "attempt": 0,
      "counters": [],
      "partition": 0,
      "partition-send-profile": []
     }]
    },
    {
     "counters": [],
     "node-id": "nc2",
     "tasks": [
      {
       "activity-id": "ANID:ODID:0:0",
       "attempt": 0,
       "counters": [],
       "partition": 1,
       "partition-send-profile": []
      },
      {
       "activity-id": "ANID:ODID:0:0",
       "attempt": 0,
       "counters": [],
       "partition": 2,
       "partition-send-profile": []
      }
     ]
    }
   ]
  },
  "start-time": 0,
  "status": "TERMINATED"
 },
 "job-specification": {
  "connectors": [],
  "operators": [{
   "display-name": "edu.uci.ics.hyracks.storage.am.common.dataflow.TreeIndexDropOperatorDescriptor[ODID:0]",
   "id": "ODID:0",
   "in-arity": 0,
   "java-class": "edu.uci.ics.hyracks.storage.am.common.dataflow.TreeIndexDropOperatorDescriptor",
   "out-arity": 0
  }]
 }
}
{
 "job-activity-graph": {
  "activities": [{
   "id": "ANID:ODID:0:0",
   "java-class": "edu.uci.ics.hyracks.storage.am.common.dataflow.TreeIndexDropOperatorDescriptor",
   "operator-id": "ODID:0"
  }],
  "flags": "[]"
 },
 "job-run": {
  "activity-clusters": [{
   "activities": ["ANID:ODID:0:0"],
   "activity-cluster-id": "AC:0",
   "dependencies": [],
   "dependents": [],
   "plan": {
    "activities": [{
     "activity-id": "ANID:ODID:0:0",
     "input-partition-counts": [],
     "output-partition-counts": [],
     "partition-count": 3,
     "tasks": [
      {
       "dependencies": [],
       "dependents": [],
       "task-id": "TID:ANID:ODID:0:0:0"
      },
      {
       "dependencies": [],
       "dependents": [],
       "task-id": "TID:ANID:ODID:0:0:1"
      },
      {
       "dependencies": [],
       "dependents": [],
       "task-id": "TID:ANID:ODID:0:0:2"
      }
     ]
    }],
    "task-clusters": [
     {
      "attempts": [{
       "attempt": 0,
       "end-time": 1336779153518,
       "start-time": 1336779153508,
       "status": "COMPLETED",
       "task-attempts": [{
        "end-time": 1336779153518,
        "node-id": "nc1",
        "start-time": 1336779153508,
        "status": "COMPLETED",
        "task-attempt-id": "TAID:TID:ANID:ODID:0:0:0:0",
        "task-id": "TID:ANID:ODID:0:0:0"
       }]
      }],
      "produced-partitions": [],
      "required-partitions": [],
      "task-cluster-id": "TC:AC:0:0",
      "tasks": ["TID:ANID:ODID:0:0:0"]
     },
     {
      "attempts": [{
       "attempt": 0,
       "end-time": 1336779153514,
       "start-time": 1336779153508,
       "status": "COMPLETED",
       "task-attempts": [{
        "end-time": 1336779153514,
        "node-id": "nc2",
        "start-time": 1336779153508,
        "status": "COMPLETED",
        "task-attempt-id": "TAID:TID:ANID:ODID:0:0:1:0",
        "task-id": "TID:ANID:ODID:0:0:1"
       }]
      }],
      "produced-partitions": [],
      "required-partitions": [],
      "task-cluster-id": "TC:AC:0:1",
      "tasks": ["TID:ANID:ODID:0:0:1"]
     },
     {
      "attempts": [{
       "attempt": 0,
       "end-time": 1336779153518,
       "start-time": 1336779153508,
       "status": "COMPLETED",
       "task-attempts": [{
        "end-time": 1336779153518,
        "node-id": "nc2",
        "start-time": 1336779153508,
        "status": "COMPLETED",
        "task-attempt-id": "TAID:TID:ANID:ODID:0:0:2:0",
        "task-id": "TID:ANID:ODID:0:0:2"
       }]
      }],
      "produced-partitions": [],
      "required-partitions": [],
      "task-cluster-id": "TC:AC:0:2",
      "tasks": ["TID:ANID:ODID:0:0:2"]
     }
    ]
   }
  }],
  "application-name": "asterix",
  "create-time": 0,
  "end-time": 0,
  "job-id": "JID:19",
  "profile": {
   "counters": [],
   "job-id": "JID:19",
   "joblets": [
    {
     "counters": [],
     "node-id": "nc1",
     "tasks": [{
      "activity-id": "ANID:ODID:0:0",
      "attempt": 0,
      "counters": [],
      "partition": 0,
      "partition-send-profile": []
     }]
    },
    {
     "counters": [],
     "node-id": "nc2",
     "tasks": [
      {
       "activity-id": "ANID:ODID:0:0",
       "attempt": 0,
       "counters": [],
       "partition": 1,
       "partition-send-profile": []
      },
      {
       "activity-id": "ANID:ODID:0:0",
       "attempt": 0,
       "counters": [],
       "partition": 2,
       "partition-send-profile": []
      }
     ]
    }
   ]
  },
  "start-time": 0,
  "status": "TERMINATED"
 },
 "job-specification": {
  "connectors": [],
  "operators": [{
   "display-name": "edu.uci.ics.hyracks.storage.am.common.dataflow.TreeIndexDropOperatorDescriptor[ODID:0]",
   "id": "ODID:0",
   "in-arity": 0,
   "java-class": "edu.uci.ics.hyracks.storage.am.common.dataflow.TreeIndexDropOperatorDescriptor",
   "out-arity": 0
  }]
 }
}
{
 "job-activity-graph": {
  "activities": [{
   "id": "ANID:ODID:0:0",
   "java-class": "edu.uci.ics.hyracks.storage.am.common.dataflow.TreeIndexDropOperatorDescriptor",
   "operator-id": "ODID:0"
  }],
  "flags": "[]"
 },
 "job-run": {
  "activity-clusters": [{
   "activities": ["ANID:ODID:0:0"],
   "activity-cluster-id": "AC:0",
   "dependencies": [],
   "dependents": [],
   "plan": {
    "activities": [{
     "activity-id": "ANID:ODID:0:0",
     "input-partition-counts": [],
     "output-partition-counts": [],
     "partition-count": 3,
     "tasks": [
      {
       "dependencies": [],
       "dependents": [],
       "task-id": "TID:ANID:ODID:0:0:0"
      },
      {
       "dependencies": [],
       "dependents": [],
       "task-id": "TID:ANID:ODID:0:0:1"
      },
      {
       "dependencies": [],
       "dependents": [],
       "task-id": "TID:ANID:ODID:0:0:2"
      }
     ]
    }],
    "task-clusters": [
     {
      "attempts": [{
       "attempt": 0,
       "end-time": 1336779153533,
       "start-time": 1336779153528,
       "status": "COMPLETED",
       "task-attempts": [{
        "end-time": 1336779153533,
        "node-id": "nc1",
        "start-time": 1336779153528,
        "status": "COMPLETED",
        "task-attempt-id": "TAID:TID:ANID:ODID:0:0:0:0",
        "task-id": "TID:ANID:ODID:0:0:0"
       }]
      }],
      "produced-partitions": [],
      "required-partitions": [],
      "task-cluster-id": "TC:AC:0:0",
      "tasks": ["TID:ANID:ODID:0:0:0"]
     },
     {
      "attempts": [{
       "attempt": 0,
       "end-time": 1336779153535,
       "start-time": 1336779153528,
       "status": "COMPLETED",
       "task-attempts": [{
        "end-time": 1336779153535,
        "node-id": "nc2",
        "start-time": 1336779153528,
        "status": "COMPLETED",
        "task-attempt-id": "TAID:TID:ANID:ODID:0:0:1:0",
        "task-id": "TID:ANID:ODID:0:0:1"
       }]
      }],
      "produced-partitions": [],
      "required-partitions": [],
      "task-cluster-id": "TC:AC:0:1",
      "tasks": ["TID:ANID:ODID:0:0:1"]
     },
     {
      "attempts": [{
       "attempt": 0,
       "end-time": 1336779153535,
       "start-time": 1336779153528,
       "status": "COMPLETED",
       "task-attempts": [{
        "end-time": 1336779153535,
        "node-id": "nc2",
        "start-time": 1336779153528,
        "status": "COMPLETED",
        "task-attempt-id": "TAID:TID:ANID:ODID:0:0:2:0",
        "task-id": "TID:ANID:ODID:0:0:2"
       }]
      }],
      "produced-partitions": [],
      "required-partitions": [],
      "task-cluster-id": "TC:AC:0:2",
      "tasks": ["TID:ANID:ODID:0:0:2"]
     }
    ]
   }
  }],
  "application-name": "asterix",
  "create-time": 0,
  "end-time": 0,
  "job-id": "JID:20",
  "profile": {
   "counters": [],
   "job-id": "JID:20",
   "joblets": [
    {
     "counters": [],
     "node-id": "nc1",
     "tasks": [{
      "activity-id": "ANID:ODID:0:0",
      "attempt": 0,
      "counters": [],
      "partition": 0,
      "partition-send-profile": []
     }]
    },
    {
     "counters": [],
     "node-id": "nc2",
     "tasks": [
      {
       "activity-id": "ANID:ODID:0:0",
       "attempt": 0,
       "counters": [],
       "partition": 1,
       "partition-send-profile": []
      },
      {
       "activity-id": "ANID:ODID:0:0",
       "attempt": 0,
       "counters": [],
       "partition": 2,
       "partition-send-profile": []
      }
     ]
    }
   ]
  },
  "start-time": 0,
  "status": "TERMINATED"
 },
 "job-specification": {
  "connectors": [],
  "operators": [{
   "display-name": "edu.uci.ics.hyracks.storage.am.common.dataflow.TreeIndexDropOperatorDescriptor[ODID:0]",
   "id": "ODID:0",
   "in-arity": 0,
   "java-class": "edu.uci.ics.hyracks.storage.am.common.dataflow.TreeIndexDropOperatorDescriptor",
   "out-arity": 0
  }]
 }
}
{
 "job-activity-graph": {
  "activities": [{
   "id": "ANID:ODID:0:0",
   "java-class": "edu.uci.ics.hyracks.storage.am.common.dataflow.TreeIndexDropOperatorDescriptor",
   "operator-id": "ODID:0"
  }],
  "flags": "[]"
 },
 "job-run": {
  "activity-clusters": [{
   "activities": ["ANID:ODID:0:0"],
   "activity-cluster-id": "AC:0",
   "dependencies": [],
   "dependents": [],
   "plan": {
    "activities": [{
     "activity-id": "ANID:ODID:0:0",
     "input-partition-counts": [],
     "output-partition-counts": [],
     "partition-count": 3,
     "tasks": [
      {
       "dependencies": [],
       "dependents": [],
       "task-id": "TID:ANID:ODID:0:0:0"
      },
      {
       "dependencies": [],
       "dependents": [],
       "task-id": "TID:ANID:ODID:0:0:1"
      },
      {
       "dependencies": [],
       "dependents": [],
       "task-id": "TID:ANID:ODID:0:0:2"
      }
     ]
    }],
    "task-clusters": [
     {
      "attempts": [{
       "attempt": 0,
       "end-time": 1336779153566,
       "start-time": 1336779153561,
       "status": "COMPLETED",
       "task-attempts": [{
        "end-time": 1336779153566,
        "node-id": "nc1",
        "start-time": 1336779153561,
        "status": "COMPLETED",
        "task-attempt-id": "TAID:TID:ANID:ODID:0:0:0:0",
        "task-id": "TID:ANID:ODID:0:0:0"
       }]
      }],
      "produced-partitions": [],
      "required-partitions": [],
      "task-cluster-id": "TC:AC:0:0",
      "tasks": ["TID:ANID:ODID:0:0:0"]
     },
     {
      "attempts": [{
       "attempt": 0,
       "end-time": 1336779153602,
       "start-time": 1336779153561,
       "status": "COMPLETED",
       "task-attempts": [{
        "end-time": 1336779153602,
        "node-id": "nc2",
        "start-time": 1336779153561,
        "status": "COMPLETED",
        "task-attempt-id": "TAID:TID:ANID:ODID:0:0:1:0",
        "task-id": "TID:ANID:ODID:0:0:1"
       }]
      }],
      "produced-partitions": [],
      "required-partitions": [],
      "task-cluster-id": "TC:AC:0:1",
      "tasks": ["TID:ANID:ODID:0:0:1"]
     },
     {
      "attempts": [{
       "attempt": 0,
       "end-time": 1336779153566,
       "start-time": 1336779153561,
       "status": "COMPLETED",
       "task-attempts": [{
        "end-time": 1336779153566,
        "node-id": "nc2",
        "start-time": 1336779153561,
        "status": "COMPLETED",
        "task-attempt-id": "TAID:TID:ANID:ODID:0:0:2:0",
        "task-id": "TID:ANID:ODID:0:0:2"
       }]
      }],
      "produced-partitions": [],
      "required-partitions": [],
      "task-cluster-id": "TC:AC:0:2",
      "tasks": ["TID:ANID:ODID:0:0:2"]
     }
    ]
   }
  }],
  "application-name": "asterix",
  "create-time": 0,
  "end-time": 0,
  "job-id": "JID:21",
  "profile": {
   "counters": [],
   "job-id": "JID:21",
   "joblets": [
    {
     "counters": [],
     "node-id": "nc1",
     "tasks": [{
      "activity-id": "ANID:ODID:0:0",
      "attempt": 0,
      "counters": [],
      "partition": 0,
      "partition-send-profile": []
     }]
    },
    {
     "counters": [],
     "node-id": "nc2",
     "tasks": [
      {
       "activity-id": "ANID:ODID:0:0",
       "attempt": 0,
       "counters": [],
       "partition": 1,
       "partition-send-profile": []
      },
      {
       "activity-id": "ANID:ODID:0:0",
       "attempt": 0,
       "counters": [],
       "partition": 2,
       "partition-send-profile": []
      }
     ]
    }
   ]
  },
  "start-time": 0,
  "status": "TERMINATED"
 },
 "job-specification": {
  "connectors": [],
  "operators": [{
   "display-name": "edu.uci.ics.hyracks.storage.am.common.dataflow.TreeIndexDropOperatorDescriptor[ODID:0]",
   "id": "ODID:0",
   "in-arity": 0,
   "java-class": "edu.uci.ics.hyracks.storage.am.common.dataflow.TreeIndexDropOperatorDescriptor",
   "out-arity": 0
  }]
 }
}
{
 "job-activity-graph": {
  "activities": [{
   "id": "ANID:ODID:0:0",
   "java-class": "edu.uci.ics.hyracks.storage.am.common.dataflow.TreeIndexDropOperatorDescriptor",
   "operator-id": "ODID:0"
  }],
  "flags": "[]"
 },
 "job-run": {
  "activity-clusters": [{
   "activities": ["ANID:ODID:0:0"],
   "activity-cluster-id": "AC:0",
   "dependencies": [],
   "dependents": [],
   "plan": {
    "activities": [{
     "activity-id": "ANID:ODID:0:0",
     "input-partition-counts": [],
     "output-partition-counts": [],
     "partition-count": 3,
     "tasks": [
      {
       "dependencies": [],
       "dependents": [],
       "task-id": "TID:ANID:ODID:0:0:0"
      },
      {
       "dependencies": [],
       "dependents": [],
       "task-id": "TID:ANID:ODID:0:0:1"
      },
      {
       "dependencies": [],
       "dependents": [],
       "task-id": "TID:ANID:ODID:0:0:2"
      }
     ]
    }],
    "task-clusters": [
     {
      "attempts": [{
       "attempt": 0,
       "end-time": 1336779153622,
       "start-time": 1336779153618,
       "status": "COMPLETED",
       "task-attempts": [{
        "end-time": 1336779153622,
        "node-id": "nc1",
        "start-time": 1336779153618,
        "status": "COMPLETED",
        "task-attempt-id": "TAID:TID:ANID:ODID:0:0:0:0",
        "task-id": "TID:ANID:ODID:0:0:0"
       }]
      }],
      "produced-partitions": [],
      "required-partitions": [],
      "task-cluster-id": "TC:AC:0:0",
      "tasks": ["TID:ANID:ODID:0:0:0"]
     },
     {
      "attempts": [{
       "attempt": 0,
       "end-time": 1336779153622,
       "start-time": 1336779153619,
       "status": "COMPLETED",
       "task-attempts": [{
        "end-time": 1336779153622,
        "node-id": "nc2",
        "start-time": 1336779153618,
        "status": "COMPLETED",
        "task-attempt-id": "TAID:TID:ANID:ODID:0:0:1:0",
        "task-id": "TID:ANID:ODID:0:0:1"
       }]
      }],
      "produced-partitions": [],
      "required-partitions": [],
      "task-cluster-id": "TC:AC:0:1",
      "tasks": ["TID:ANID:ODID:0:0:1"]
     },
     {
      "attempts": [{
       "attempt": 0,
       "end-time": 1336779153658,
       "start-time": 1336779153618,
       "status": "COMPLETED",
       "task-attempts": [{
        "end-time": 1336779153658,
        "node-id": "nc2",
        "start-time": 1336779153618,
        "status": "COMPLETED",
        "task-attempt-id": "TAID:TID:ANID:ODID:0:0:2:0",
        "task-id": "TID:ANID:ODID:0:0:2"
       }]
      }],
      "produced-partitions": [],
      "required-partitions": [],
      "task-cluster-id": "TC:AC:0:2",
      "tasks": ["TID:ANID:ODID:0:0:2"]
     }
    ]
   }
  }],
  "application-name": "asterix",
  "create-time": 0,
  "end-time": 0,
  "job-id": "JID:22",
  "profile": {
   "counters": [],
   "job-id": "JID:22",
   "joblets": [
    {
     "counters": [],
     "node-id": "nc1",
     "tasks": [{
      "activity-id": "ANID:ODID:0:0",
      "attempt": 0,
      "counters": [],
      "partition": 0,
      "partition-send-profile": []
     }]
    },
    {
     "counters": [],
     "node-id": "nc2",
     "tasks": [
      {
       "activity-id": "ANID:ODID:0:0",
       "attempt": 0,
       "counters": [],
       "partition": 1,
       "partition-send-profile": []
      },
      {
       "activity-id": "ANID:ODID:0:0",
       "attempt": 0,
       "counters": [],
       "partition": 2,
       "partition-send-profile": []
      }
     ]
    }
   ]
  },
  "start-time": 0,
  "status": "TERMINATED"
 },
 "job-specification": {
  "connectors": [],
  "operators": [{
   "display-name": "edu.uci.ics.hyracks.storage.am.common.dataflow.TreeIndexDropOperatorDescriptor[ODID:0]",
   "id": "ODID:0",
   "in-arity": 0,
   "java-class": "edu.uci.ics.hyracks.storage.am.common.dataflow.TreeIndexDropOperatorDescriptor",
   "out-arity": 0
  }]
 }
}
{
 "job-activity-graph": {
  "activities": [{
   "id": "ANID:ODID:0:0",
   "java-class": "edu.uci.ics.hyracks.storage.am.common.dataflow.TreeIndexDropOperatorDescriptor",
   "operator-id": "ODID:0"
  }],
  "flags": "[]"
 },
 "job-run": {
  "activity-clusters": [{
   "activities": ["ANID:ODID:0:0"],
   "activity-cluster-id": "AC:0",
   "dependencies": [],
   "dependents": [],
   "plan": {
    "activities": [{
     "activity-id": "ANID:ODID:0:0",
     "input-partition-counts": [],
     "output-partition-counts": [],
     "partition-count": 3,
     "tasks": [
      {
       "dependencies": [],
       "dependents": [],
       "task-id": "TID:ANID:ODID:0:0:0"
      },
      {
       "dependencies": [],
       "dependents": [],
       "task-id": "TID:ANID:ODID:0:0:1"
      },
      {
       "dependencies": [],
       "dependents": [],
       "task-id": "TID:ANID:ODID:0:0:2"
      }
     ]
    }],
    "task-clusters": [
     {
      "attempts": [{
       "attempt": 0,
       "end-time": 1336779154314,
       "start-time": 1336779154307,
       "status": "COMPLETED",
       "task-attempts": [{
        "end-time": 1336779154314,
        "node-id": "nc1",
        "start-time": 1336779154307,
        "status": "COMPLETED",
        "task-attempt-id": "TAID:TID:ANID:ODID:0:0:0:0",
        "task-id": "TID:ANID:ODID:0:0:0"
       }]
      }],
      "produced-partitions": [],
      "required-partitions": [],
      "task-cluster-id": "TC:AC:0:0",
      "tasks": ["TID:ANID:ODID:0:0:0"]
     },
     {
      "attempts": [{
       "attempt": 0,
       "end-time": 1336779154314,
       "start-time": 1336779154307,
       "status": "COMPLETED",
       "task-attempts": [{
        "end-time": 1336779154314,
        "node-id": "nc2",
        "start-time": 1336779154307,
        "status": "COMPLETED",
        "task-attempt-id": "TAID:TID:ANID:ODID:0:0:1:0",
        "task-id": "TID:ANID:ODID:0:0:1"
       }]
      }],
      "produced-partitions": [],
      "required-partitions": [],
      "task-cluster-id": "TC:AC:0:1",
      "tasks": ["TID:ANID:ODID:0:0:1"]
     },
     {
      "attempts": [{
       "attempt": 0,
       "end-time": 1336779154314,
       "start-time": 1336779154307,
       "status": "COMPLETED",
       "task-attempts": [{
        "end-time": 1336779154314,
        "node-id": "nc2",
        "start-time": 1336779154307,
        "status": "COMPLETED",
        "task-attempt-id": "TAID:TID:ANID:ODID:0:0:2:0",
        "task-id": "TID:ANID:ODID:0:0:2"
       }]
      }],
      "produced-partitions": [],
      "required-partitions": [],
      "task-cluster-id": "TC:AC:0:2",
      "tasks": ["TID:ANID:ODID:0:0:2"]
     }
    ]
   }
  }],
  "application-name": "asterix",
  "create-time": 0,
  "end-time": 0,
  "job-id": "JID:23",
  "profile": {
   "counters": [],
   "job-id": "JID:23",
   "joblets": [
    {
     "counters": [],
     "node-id": "nc1",
     "tasks": [{
      "activity-id": "ANID:ODID:0:0",
      "attempt": 0,
      "counters": [],
      "partition": 0,
      "partition-send-profile": []
     }]
    },
    {
     "counters": [],
     "node-id": "nc2",
     "tasks": [
      {
       "activity-id": "ANID:ODID:0:0",
       "attempt": 0,
       "counters": [],
       "partition": 1,
       "partition-send-profile": []
      },
      {
       "activity-id": "ANID:ODID:0:0",
       "attempt": 0,
       "counters": [],
       "partition": 2,
       "partition-send-profile": []
      }
     ]
    }
   ]
  },
  "start-time": 0,
  "status": "TERMINATED"
 },
 "job-specification": {
  "connectors": [],
  "operators": [{
   "display-name": "edu.uci.ics.hyracks.storage.am.common.dataflow.TreeIndexDropOperatorDescriptor[ODID:0]",
   "id": "ODID:0",
   "in-arity": 0,
   "java-class": "edu.uci.ics.hyracks.storage.am.common.dataflow.TreeIndexDropOperatorDescriptor",
   "out-arity": 0
  }]
 }
}
