{
 "job-activity-graph": {
  "activities": [{
   "id": "ANID:ODID:0:0",
   "java-class": "edu.uci.ics.hyracks.algebricks.runtime.operators.meta.AlgebricksMetaOperatorDescriptor",
   "operator-id": "ODID:0"
  }],
  "flags": "[]"
 },
 "job-run": {
  "activity-clusters": [{
   "activities": ["ANID:ODID:0:0"],
   "activity-cluster-id": "AC:0",
   "dependencies": [],
   "dependents": [],
   "plan": {
    "activities": [{
     "activity-id": "ANID:ODID:0:0",
     "input-partition-counts": [],
     "output-partition-counts": [],
     "partition-count": 1,
     "tasks": [{
      "dependencies": [],
      "dependents": [],
      "task-id": "TID:ANID:ODID:0:0:0"
     }]
    }],
    "task-clusters": [{
     "attempts": [{
      "attempt": 0,
      "end-time": 1336779299924,
      "start-time": 1336779299850,
      "status": "COMPLETED",
      "task-attempts": [{
       "end-time": 1336779299924,
       "node-id": "nc1",
       "start-time": 1336779299850,
       "status": "COMPLETED",
       "task-attempt-id": "TAID:TID:ANID:ODID:0:0:0:0",
       "task-id": "TID:ANID:ODID:0:0:0"
      }]
     }],
     "produced-partitions": [],
     "required-partitions": [],
     "task-cluster-id": "TC:AC:0:0",
     "tasks": ["TID:ANID:ODID:0:0:0"]
    }]
   }
  }],
  "application-name": "asterix",
  "create-time": 0,
  "end-time": 0,
  "job-id": "JID:0",
  "profile": {
   "counters": [],
   "job-id": "JID:0",
   "joblets": [{
    "counters": [],
    "node-id": "nc1",
    "tasks": [{
     "activity-id": "ANID:ODID:0:0",
     "attempt": 0,
     "counters": [],
     "partition": 0,
     "partition-send-profile": []
    }]
   }]
  },
  "start-time": 0,
  "status": "TERMINATED"
 },
 "job-specification": {
  "connectors": [],
  "operators": [{
   "display-name": "edu.uci.ics.hyracks.algebricks.runtime.operators.meta.AlgebricksMetaOperatorDescriptor[ODID:0]",
   "id": "ODID:0",
   "in-arity": 0,
   "java-class": "edu.uci.ics.hyracks.algebricks.runtime.operators.meta.AlgebricksMetaOperatorDescriptor",
   "micro-operators": [
    "ets",
    "unnest 0 <- edu.uci.ics.asterix.runtime.unnestingfunctions.std.ScanCollectionDescriptor$ScanCollectionUnnestingFunctionFactory@3d80babf",
    "assign [1] := [edu.uci.ics.asterix.runtime.evaluators.common.ClosedRecordConstructorEvalFactory@7d89ff39]",
    "stream-project [1]",
    "sink-write [0] outputFile"
   ],
   "out-arity": 0
  }]
 }
}
{
 "job-activity-graph": {
  "activities": [{
   "id": "ANID:ODID:0:0",
   "java-class": "edu.uci.ics.hyracks.algebricks.runtime.operators.meta.AlgebricksMetaOperatorDescriptor",
   "operator-id": "ODID:0"
  }],
  "flags": "[]"
 },
 "job-run": {
  "activity-clusters": [{
   "activities": ["ANID:ODID:0:0"],
   "activity-cluster-id": "AC:0",
   "dependencies": [],
   "dependents": [],
   "plan": {
    "activities": [{
     "activity-id": "ANID:ODID:0:0",
     "input-partition-counts": [],
     "output-partition-counts": [],
     "partition-count": 1,
     "tasks": [{
      "dependencies": [],
      "dependents": [],
      "task-id": "TID:ANID:ODID:0:0:0"
     }]
    }],
    "task-clusters": [{
     "attempts": [{
      "attempt": 0,
      "end-time": 1336779300043,
      "start-time": 1336779300029,
      "status": "COMPLETED",
      "task-attempts": [{
       "end-time": 1336779300043,
       "node-id": "nc1",
       "start-time": 1336779300029,
       "status": "COMPLETED",
       "task-attempt-id": "TAID:TID:ANID:ODID:0:0:0:0",
       "task-id": "TID:ANID:ODID:0:0:0"
      }]
     }],
     "produced-partitions": [],
     "required-partitions": [],
     "task-cluster-id": "TC:AC:0:0",
     "tasks": ["TID:ANID:ODID:0:0:0"]
    }]
   }
  }],
  "application-name": "asterix",
  "create-time": 0,
  "end-time": 0,
  "job-id": "JID:1",
  "profile": {
   "counters": [],
   "job-id": "JID:1",
   "joblets": [{
    "counters": [],
    "node-id": "nc1",
    "tasks": [{
     "activity-id": "ANID:ODID:0:0",
     "attempt": 0,
     "counters": [],
     "partition": 0,
     "partition-send-profile": []
    }]
   }]
  },
  "start-time": 0,
  "status": "TERMINATED"
 },
 "job-specification": {
  "connectors": [],
  "operators": [{
   "display-name": "edu.uci.ics.hyracks.algebricks.runtime.operators.meta.AlgebricksMetaOperatorDescriptor[ODID:0]",
   "id": "ODID:0",
   "in-arity": 0,
   "java-class": "edu.uci.ics.hyracks.algebricks.runtime.operators.meta.AlgebricksMetaOperatorDescriptor",
   "micro-operators": [
    "ets",
    "unnest 0 <- edu.uci.ics.asterix.runtime.unnestingfunctions.std.ScanCollectionDescriptor$ScanCollectionUnnestingFunctionFactory@4ae6120d",
    "stream-project [0]",
    "sink-write [0] outputFile"
   ],
   "out-arity": 0
  }]
 }
}
