{
 "job-activity-graph": {
  "activities": [{
   "id": "ANID:ODID:0:0",
   "java-class": "edu.uci.ics.hyracks.storage.am.common.dataflow.TreeIndexDropOperatorDescriptor",
   "operator-id": "ODID:0"
  }],
  "flags": "[]"
 },
 "job-run": {
  "activity-clusters": [{
   "activities": ["ANID:ODID:0:0"],
   "activity-cluster-id": "AC:0",
   "dependencies": [],
   "dependents": [],
   "plan": {
    "activities": [{
     "activity-id": "ANID:ODID:0:0",
     "input-partition-counts": [],
     "output-partition-counts": [],
     "partition-count": 3,
     "tasks": [
      {
       "dependencies": [],
       "dependents": [],
       "task-id": "TID:ANID:ODID:0:0:0"
      },
      {
       "dependencies": [],
       "dependents": [],
       "task-id": "TID:ANID:ODID:0:0:1"
      },
      {
       "dependencies": [],
       "dependents": [],
       "task-id": "TID:ANID:ODID:0:0:2"
      }
     ]
    }],
    "task-clusters": [
     {
      "attempts": [{
       "attempt": 0,
       "end-time": 1336779179164,
       "start-time": 1336779179106,
       "status": "COMPLETED",
       "task-attempts": [{
        "end-time": 1336779179164,
        "node-id": "nc1",
        "start-time": 1336779179106,
        "status": "COMPLETED",
        "task-attempt-id": "TAID:TID:ANID:ODID:0:0:0:0",
        "task-id": "TID:ANID:ODID:0:0:0"
       }]
      }],
      "produced-partitions": [],
      "required-partitions": [],
      "task-cluster-id": "TC:AC:0:0",
      "tasks": ["TID:ANID:ODID:0:0:0"]
     },
     {
      "attempts": [{
       "attempt": 0,
       "end-time": 1336779179154,
       "start-time": 1336779179106,
       "status": "COMPLETED",
       "task-attempts": [{
        "end-time": 1336779179154,
        "node-id": "nc2",
        "start-time": 1336779179106,
        "status": "COMPLETED",
        "task-attempt-id": "TAID:TID:ANID:ODID:0:0:1:0",
        "task-id": "TID:ANID:ODID:0:0:1"
       }]
      }],
      "produced-partitions": [],
      "required-partitions": [],
      "task-cluster-id": "TC:AC:0:1",
      "tasks": ["TID:ANID:ODID:0:0:1"]
     },
     {
      "attempts": [{
       "attempt": 0,
       "end-time": 1336779179152,
       "start-time": 1336779179105,
       "status": "COMPLETED",
       "task-attempts": [{
        "end-time": 1336779179152,
        "node-id": "nc2",
        "start-time": 1336779179103,
        "status": "COMPLETED",
        "task-attempt-id": "TAID:TID:ANID:ODID:0:0:2:0",
        "task-id": "TID:ANID:ODID:0:0:2"
       }]
      }],
      "produced-partitions": [],
      "required-partitions": [],
      "task-cluster-id": "TC:AC:0:2",
      "tasks": ["TID:ANID:ODID:0:0:2"]
     }
    ]
   }
  }],
  "application-name": "asterix",
  "create-time": 0,
  "end-time": 0,
  "job-id": "JID:0",
  "profile": {
   "counters": [],
   "job-id": "JID:0",
   "joblets": [
    {
     "counters": [],
     "node-id": "nc1",
     "tasks": [{
      "activity-id": "ANID:ODID:0:0",
      "attempt": 0,
      "counters": [],
      "partition": 0,
      "partition-send-profile": []
     }]
    },
    {
     "counters": [],
     "node-id": "nc2",
     "tasks": [
      {
       "activity-id": "ANID:ODID:0:0",
       "attempt": 0,
       "counters": [],
       "partition": 1,
       "partition-send-profile": []
      },
      {
       "activity-id": "ANID:ODID:0:0",
       "attempt": 0,
       "counters": [],
       "partition": 2,
       "partition-send-profile": []
      }
     ]
    }
   ]
  },
  "start-time": 0,
  "status": "TERMINATED"
 },
 "job-specification": {
  "connectors": [],
  "operators": [{
   "display-name": "edu.uci.ics.hyracks.storage.am.common.dataflow.TreeIndexDropOperatorDescriptor[ODID:0]",
   "id": "ODID:0",
   "in-arity": 0,
   "java-class": "edu.uci.ics.hyracks.storage.am.common.dataflow.TreeIndexDropOperatorDescriptor",
   "out-arity": 0
  }]
 }
}
{
 "job-activity-graph": {
  "activities": [{
   "id": "ANID:ODID:0:0",
   "java-class": "edu.uci.ics.hyracks.storage.am.common.dataflow.TreeIndexDropOperatorDescriptor",
   "operator-id": "ODID:0"
  }],
  "flags": "[]"
 },
 "job-run": {
  "activity-clusters": [{
   "activities": ["ANID:ODID:0:0"],
   "activity-cluster-id": "AC:0",
   "dependencies": [],
   "dependents": [],
   "plan": {
    "activities": [{
     "activity-id": "ANID:ODID:0:0",
     "input-partition-counts": [],
     "output-partition-counts": [],
     "partition-count": 3,
     "tasks": [
      {
       "dependencies": [],
       "dependents": [],
       "task-id": "TID:ANID:ODID:0:0:0"
      },
      {
       "dependencies": [],
       "dependents": [],
       "task-id": "TID:ANID:ODID:0:0:1"
      },
      {
       "dependencies": [],
       "dependents": [],
       "task-id": "TID:ANID:ODID:0:0:2"
      }
     ]
    }],
    "task-clusters": [
     {
      "attempts": [{
       "attempt": 0,
       "end-time": 1336779179235,
       "start-time": 1336779179220,
       "status": "COMPLETED",
       "task-attempts": [{
        "end-time": 1336779179235,
        "node-id": "nc1",
        "start-time": 1336779179220,
        "status": "COMPLETED",
        "task-attempt-id": "TAID:TID:ANID:ODID:0:0:0:0",
        "task-id": "TID:ANID:ODID:0:0:0"
       }]
      }],
      "produced-partitions": [],
      "required-partitions": [],
      "task-cluster-id": "TC:AC:0:0",
      "tasks": ["TID:ANID:ODID:0:0:0"]
     },
     {
      "attempts": [{
       "attempt": 0,
       "end-time": 1336779179249,
       "start-time": 1336779179219,
       "status": "COMPLETED",
       "task-attempts": [{
        "end-time": 1336779179249,
        "node-id": "nc2",
        "start-time": 1336779179219,
        "status": "COMPLETED",
        "task-attempt-id": "TAID:TID:ANID:ODID:0:0:1:0",
        "task-id": "TID:ANID:ODID:0:0:1"
       }]
      }],
      "produced-partitions": [],
      "required-partitions": [],
      "task-cluster-id": "TC:AC:0:1",
      "tasks": ["TID:ANID:ODID:0:0:1"]
     },
     {
      "attempts": [{
       "attempt": 0,
       "end-time": 1336779179249,
       "start-time": 1336779179219,
       "status": "COMPLETED",
       "task-attempts": [{
        "end-time": 1336779179249,
        "node-id": "nc2",
        "start-time": 1336779179219,
        "status": "COMPLETED",
        "task-attempt-id": "TAID:TID:ANID:ODID:0:0:2:0",
        "task-id": "TID:ANID:ODID:0:0:2"
       }]
      }],
      "produced-partitions": [],
      "required-partitions": [],
      "task-cluster-id": "TC:AC:0:2",
      "tasks": ["TID:ANID:ODID:0:0:2"]
     }
    ]
   }
  }],
  "application-name": "asterix",
  "create-time": 0,
  "end-time": 0,
  "job-id": "JID:1",
  "profile": {
   "counters": [],
   "job-id": "JID:1",
   "joblets": [
    {
     "counters": [],
     "node-id": "nc1",
     "tasks": [{
      "activity-id": "ANID:ODID:0:0",
      "attempt": 0,
      "counters": [],
      "partition": 0,
      "partition-send-profile": []
     }]
    },
    {
     "counters": [],
     "node-id": "nc2",
     "tasks": [
      {
       "activity-id": "ANID:ODID:0:0",
       "attempt": 0,
       "counters": [],
       "partition": 1,
       "partition-send-profile": []
      },
      {
       "activity-id": "ANID:ODID:0:0",
       "attempt": 0,
       "counters": [],
       "partition": 2,
       "partition-send-profile": []
      }
     ]
    }
   ]
  },
  "start-time": 0,
  "status": "TERMINATED"
 },
 "job-specification": {
  "connectors": [],
  "operators": [{
   "display-name": "edu.uci.ics.hyracks.storage.am.common.dataflow.TreeIndexDropOperatorDescriptor[ODID:0]",
   "id": "ODID:0",
   "in-arity": 0,
   "java-class": "edu.uci.ics.hyracks.storage.am.common.dataflow.TreeIndexDropOperatorDescriptor",
   "out-arity": 0
  }]
 }
}
{
 "job-activity-graph": {
  "activities": [{
   "id": "ANID:ODID:0:0",
   "java-class": "edu.uci.ics.hyracks.storage.am.common.dataflow.TreeIndexDropOperatorDescriptor",
   "operator-id": "ODID:0"
  }],
  "flags": "[]"
 },
 "job-run": {
  "activity-clusters": [{
   "activities": ["ANID:ODID:0:0"],
   "activity-cluster-id": "AC:0",
   "dependencies": [],
   "dependents": [],
   "plan": {
    "activities": [{
     "activity-id": "ANID:ODID:0:0",
     "input-partition-counts": [],
     "output-partition-counts": [],
     "partition-count": 3,
     "tasks": [
      {
       "dependencies": [],
       "dependents": [],
       "task-id": "TID:ANID:ODID:0:0:0"
      },
      {
       "dependencies": [],
       "dependents": [],
       "task-id": "TID:ANID:ODID:0:0:1"
      },
      {
       "dependencies": [],
       "dependents": [],
       "task-id": "TID:ANID:ODID:0:0:2"
      }
     ]
    }],
    "task-clusters": [
     {
      "attempts": [{
       "attempt": 0,
       "end-time": 1336779179315,
       "start-time": 1336779179288,
       "status": "COMPLETED",
       "task-attempts": [{
        "end-time": 1336779179315,
        "node-id": "nc1",
        "start-time": 1336779179288,
        "status": "COMPLETED",
        "task-attempt-id": "TAID:TID:ANID:ODID:0:0:0:0",
        "task-id": "TID:ANID:ODID:0:0:0"
       }]
      }],
      "produced-partitions": [],
      "required-partitions": [],
      "task-cluster-id": "TC:AC:0:0",
      "tasks": ["TID:ANID:ODID:0:0:0"]
     },
     {
      "attempts": [{
       "attempt": 0,
       "end-time": 1336779179311,
       "start-time": 1336779179288,
       "status": "COMPLETED",
       "task-attempts": [{
        "end-time": 1336779179311,
        "node-id": "nc2",
        "start-time": 1336779179288,
        "status": "COMPLETED",
        "task-attempt-id": "TAID:TID:ANID:ODID:0:0:1:0",
        "task-id": "TID:ANID:ODID:0:0:1"
       }]
      }],
      "produced-partitions": [],
      "required-partitions": [],
      "task-cluster-id": "TC:AC:0:1",
      "tasks": ["TID:ANID:ODID:0:0:1"]
     },
     {
      "attempts": [{
       "attempt": 0,
       "end-time": 1336779179347,
       "start-time": 1336779179288,
       "status": "COMPLETED",
       "task-attempts": [{
        "end-time": 1336779179347,
        "node-id": "nc2",
        "start-time": 1336779179288,
        "status": "COMPLETED",
        "task-attempt-id": "TAID:TID:ANID:ODID:0:0:2:0",
        "task-id": "TID:ANID:ODID:0:0:2"
       }]
      }],
      "produced-partitions": [],
      "required-partitions": [],
      "task-cluster-id": "TC:AC:0:2",
      "tasks": ["TID:ANID:ODID:0:0:2"]
     }
    ]
   }
  }],
  "application-name": "asterix",
  "create-time": 0,
  "end-time": 0,
  "job-id": "JID:2",
  "profile": {
   "counters": [],
   "job-id": "JID:2",
   "joblets": [
    {
     "counters": [],
     "node-id": "nc1",
     "tasks": [{
      "activity-id": "ANID:ODID:0:0",
      "attempt": 0,
      "counters": [],
      "partition": 0,
      "partition-send-profile": []
     }]
    },
    {
     "counters": [],
     "node-id": "nc2",
     "tasks": [
      {
       "activity-id": "ANID:ODID:0:0",
       "attempt": 0,
       "counters": [],
       "partition": 1,
       "partition-send-profile": []
      },
      {
       "activity-id": "ANID:ODID:0:0",
       "attempt": 0,
       "counters": [],
       "partition": 2,
       "partition-send-profile": []
      }
     ]
    }
   ]
  },
  "start-time": 0,
  "status": "TERMINATED"
 },
 "job-specification": {
  "connectors": [],
  "operators": [{
   "display-name": "edu.uci.ics.hyracks.storage.am.common.dataflow.TreeIndexDropOperatorDescriptor[ODID:0]",
   "id": "ODID:0",
   "in-arity": 0,
   "java-class": "edu.uci.ics.hyracks.storage.am.common.dataflow.TreeIndexDropOperatorDescriptor",
   "out-arity": 0
  }]
 }
}
{
 "job-activity-graph": {
  "activities": [{
   "id": "ANID:ODID:0:0",
   "java-class": "edu.uci.ics.hyracks.storage.am.common.dataflow.TreeIndexDropOperatorDescriptor",
   "operator-id": "ODID:0"
  }],
  "flags": "[]"
 },
 "job-run": {
  "activity-clusters": [{
   "activities": ["ANID:ODID:0:0"],
   "activity-cluster-id": "AC:0",
   "dependencies": [],
   "dependents": [],
   "plan": {
    "activities": [{
     "activity-id": "ANID:ODID:0:0",
     "input-partition-counts": [],
     "output-partition-counts": [],
     "partition-count": 3,
     "tasks": [
      {
       "dependencies": [],
       "dependents": [],
       "task-id": "TID:ANID:ODID:0:0:0"
      },
      {
       "dependencies": [],
       "dependents": [],
       "task-id": "TID:ANID:ODID:0:0:1"
      },
      {
       "dependencies": [],
       "dependents": [],
       "task-id": "TID:ANID:ODID:0:0:2"
      }
     ]
    }],
    "task-clusters": [
     {
      "attempts": [{
       "attempt": 0,
       "end-time": 1336779179383,
       "start-time": 1336779179371,
       "status": "COMPLETED",
       "task-attempts": [{
        "end-time": 1336779179383,
        "node-id": "nc1",
        "start-time": 1336779179371,
        "status": "COMPLETED",
        "task-attempt-id": "TAID:TID:ANID:ODID:0:0:0:0",
        "task-id": "TID:ANID:ODID:0:0:0"
       }]
      }],
      "produced-partitions": [],
      "required-partitions": [],
      "task-cluster-id": "TC:AC:0:0",
      "tasks": ["TID:ANID:ODID:0:0:0"]
     },
     {
      "attempts": [{
       "attempt": 0,
       "end-time": 1336779179435,
       "start-time": 1336779179371,
       "status": "COMPLETED",
       "task-attempts": [{
        "end-time": 1336779179435,
        "node-id": "nc2",
        "start-time": 1336779179371,
        "status": "COMPLETED",
        "task-attempt-id": "TAID:TID:ANID:ODID:0:0:1:0",
        "task-id": "TID:ANID:ODID:0:0:1"
       }]
      }],
      "produced-partitions": [],
      "required-partitions": [],
      "task-cluster-id": "TC:AC:0:1",
      "tasks": ["TID:ANID:ODID:0:0:1"]
     },
     {
      "attempts": [{
       "attempt": 0,
       "end-time": 1336779179396,
       "start-time": 1336779179371,
       "status": "COMPLETED",
       "task-attempts": [{
        "end-time": 1336779179396,
        "node-id": "nc2",
        "start-time": 1336779179371,
        "status": "COMPLETED",
        "task-attempt-id": "TAID:TID:ANID:ODID:0:0:2:0",
        "task-id": "TID:ANID:ODID:0:0:2"
       }]
      }],
      "produced-partitions": [],
      "required-partitions": [],
      "task-cluster-id": "TC:AC:0:2",
      "tasks": ["TID:ANID:ODID:0:0:2"]
     }
    ]
   }
  }],
  "application-name": "asterix",
  "create-time": 0,
  "end-time": 0,
  "job-id": "JID:3",
  "profile": {
   "counters": [],
   "job-id": "JID:3",
   "joblets": [
    {
     "counters": [],
     "node-id": "nc1",
     "tasks": [{
      "activity-id": "ANID:ODID:0:0",
      "attempt": 0,
      "counters": [],
      "partition": 0,
      "partition-send-profile": []
     }]
    },
    {
     "counters": [],
     "node-id": "nc2",
     "tasks": [
      {
       "activity-id": "ANID:ODID:0:0",
       "attempt": 0,
       "counters": [],
       "partition": 1,
       "partition-send-profile": []
      },
      {
       "activity-id": "ANID:ODID:0:0",
       "attempt": 0,
       "counters": [],
       "partition": 2,
       "partition-send-profile": []
      }
     ]
    }
   ]
  },
  "start-time": 0,
  "status": "TERMINATED"
 },
 "job-specification": {
  "connectors": [],
  "operators": [{
   "display-name": "edu.uci.ics.hyracks.storage.am.common.dataflow.TreeIndexDropOperatorDescriptor[ODID:0]",
   "id": "ODID:0",
   "in-arity": 0,
   "java-class": "edu.uci.ics.hyracks.storage.am.common.dataflow.TreeIndexDropOperatorDescriptor",
   "out-arity": 0
  }]
 }
}
{
 "job-activity-graph": {
  "activities": [{
   "id": "ANID:ODID:0:0",
   "java-class": "edu.uci.ics.hyracks.storage.am.common.dataflow.TreeIndexDropOperatorDescriptor",
   "operator-id": "ODID:0"
  }],
  "flags": "[]"
 },
 "job-run": {
  "activity-clusters": [{
   "activities": ["ANID:ODID:0:0"],
   "activity-cluster-id": "AC:0",
   "dependencies": [],
   "dependents": [],
   "plan": {
    "activities": [{
     "activity-id": "ANID:ODID:0:0",
     "input-partition-counts": [],
     "output-partition-counts": [],
     "partition-count": 3,
     "tasks": [
      {
       "dependencies": [],
       "dependents": [],
       "task-id": "TID:ANID:ODID:0:0:0"
      },
      {
       "dependencies": [],
       "dependents": [],
       "task-id": "TID:ANID:ODID:0:0:1"
      },
      {
       "dependencies": [],
       "dependents": [],
       "task-id": "TID:ANID:ODID:0:0:2"
      }
     ]
    }],
    "task-clusters": [
     {
      "attempts": [{
       "attempt": 0,
       "end-time": 1336779179464,
       "start-time": 1336779179454,
       "status": "COMPLETED",
       "task-attempts": [{
        "end-time": 1336779179464,
        "node-id": "nc1",
        "start-time": 1336779179454,
        "status": "COMPLETED",
        "task-attempt-id": "TAID:TID:ANID:ODID:0:0:0:0",
        "task-id": "TID:ANID:ODID:0:0:0"
       }]
      }],
      "produced-partitions": [],
      "required-partitions": [],
      "task-cluster-id": "TC:AC:0:0",
      "tasks": ["TID:ANID:ODID:0:0:0"]
     },
     {
      "attempts": [{
       "attempt": 0,
       "end-time": 1336779179473,
       "start-time": 1336779179454,
       "status": "COMPLETED",
       "task-attempts": [{
        "end-time": 1336779179473,
        "node-id": "nc2",
        "start-time": 1336779179454,
        "status": "COMPLETED",
        "task-attempt-id": "TAID:TID:ANID:ODID:0:0:1:0",
        "task-id": "TID:ANID:ODID:0:0:1"
       }]
      }],
      "produced-partitions": [],
      "required-partitions": [],
      "task-cluster-id": "TC:AC:0:1",
      "tasks": ["TID:ANID:ODID:0:0:1"]
     },
     {
      "attempts": [{
       "attempt": 0,
       "end-time": 1336779179474,
       "start-time": 1336779179454,
       "status": "COMPLETED",
       "task-attempts": [{
        "end-time": 1336779179474,
        "node-id": "nc2",
        "start-time": 1336779179454,
        "status": "COMPLETED",
        "task-attempt-id": "TAID:TID:ANID:ODID:0:0:2:0",
        "task-id": "TID:ANID:ODID:0:0:2"
       }]
      }],
      "produced-partitions": [],
      "required-partitions": [],
      "task-cluster-id": "TC:AC:0:2",
      "tasks": ["TID:ANID:ODID:0:0:2"]
     }
    ]
   }
  }],
  "application-name": "asterix",
  "create-time": 0,
  "end-time": 0,
  "job-id": "JID:4",
  "profile": {
   "counters": [],
   "job-id": "JID:4",
   "joblets": [
    {
     "counters": [],
     "node-id": "nc1",
     "tasks": [{
      "activity-id": "ANID:ODID:0:0",
      "attempt": 0,
      "counters": [],
      "partition": 0,
      "partition-send-profile": []
     }]
    },
    {
     "counters": [],
     "node-id": "nc2",
     "tasks": [
      {
       "activity-id": "ANID:ODID:0:0",
       "attempt": 0,
       "counters": [],
       "partition": 1,
       "partition-send-profile": []
      },
      {
       "activity-id": "ANID:ODID:0:0",
       "attempt": 0,
       "counters": [],
       "partition": 2,
       "partition-send-profile": []
      }
     ]
    }
   ]
  },
  "start-time": 0,
  "status": "TERMINATED"
 },
 "job-specification": {
  "connectors": [],
  "operators": [{
   "display-name": "edu.uci.ics.hyracks.storage.am.common.dataflow.TreeIndexDropOperatorDescriptor[ODID:0]",
   "id": "ODID:0",
   "in-arity": 0,
   "java-class": "edu.uci.ics.hyracks.storage.am.common.dataflow.TreeIndexDropOperatorDescriptor",
   "out-arity": 0
  }]
 }
}
